<<<<<<< HEAD
2020-06-27 16:18:42: Sat, 27 Jun 2020 08:18:42 GMT koa deprecated Support for generators will be removed in v3. See the documentation for examples of how to convert old middleware https://github.com/koajs/koa/blob/master/docs/migration.md at app.js:16:5
2020-06-27 16:18:42: (node:14232) [SEQUELIZE0004] DeprecationWarning: A boolean value was passed to options.operatorsAliases. This is a no-op with v5 and should be removed.
2020-06-27 16:18:42: Port 9001 is already in use
2020-06-27 16:18:45: Sat, 27 Jun 2020 08:18:45 GMT koa deprecated Support for generators will be removed in v3. See the documentation for examples of how to convert old middleware https://github.com/koajs/koa/blob/master/docs/migration.md at app.js:16:5
2020-06-27 16:18:45: (node:12860) [SEQUELIZE0004] DeprecationWarning: A boolean value was passed to options.operatorsAliases. This is a no-op with v5 and should be removed.
2020-06-27 16:18:45: Ignoring invalid configuration option passed to Connection: collate. This is currently a warning, but in future versions of MySQL2, an error will be thrown if you pass an invalid configuration option to a Connection
2020-06-27 16:18:48: Ignoring invalid configuration option passed to Connection: collate. This is currently a warning, but in future versions of MySQL2, an error will be thrown if you pass an invalid configuration option to a Connection
2020-06-27 16:18:48: Ignoring invalid configuration option passed to Connection: collate. This is currently a warning, but in future versions of MySQL2, an error will be thrown if you pass an invalid configuration option to a Connection
2020-06-27 16:19:54: Sat, 27 Jun 2020 08:19:54 GMT koa deprecated Support for generators will be removed in v3. See the documentation for examples of how to convert old middleware https://github.com/koajs/koa/blob/master/docs/migration.md at app.js:16:5
2020-06-27 16:19:54: (node:11976) [SEQUELIZE0004] DeprecationWarning: A boolean value was passed to options.operatorsAliases. This is a no-op with v5 and should be removed.
2020-06-27 16:19:54: Ignoring invalid configuration option passed to Connection: collate. This is currently a warning, but in future versions of MySQL2, an error will be thrown if you pass an invalid configuration option to a Connection
2020-06-27 16:19:55: Ignoring invalid configuration option passed to Connection: collate. This is currently a warning, but in future versions of MySQL2, an error will be thrown if you pass an invalid configuration option to a Connection
2020-06-27 16:19:55: Ignoring invalid configuration option passed to Connection: collate. This is currently a warning, but in future versions of MySQL2, an error will be thrown if you pass an invalid configuration option to a Connection
2020-06-27 16:19:56: Ignoring invalid configuration option passed to Connection: collate. This is currently a warning, but in future versions of MySQL2, an error will be thrown if you pass an invalid configuration option to a Connection
2020-06-27 16:19:57: Ignoring invalid configuration option passed to Connection: collate. This is currently a warning, but in future versions of MySQL2, an error will be thrown if you pass an invalid configuration option to a Connection
2020-06-27 16:20:00: Sat, 27 Jun 2020 08:20:00 GMT koa deprecated Support for generators will be removed in v3. See the documentation for examples of how to convert old middleware https://github.com/koajs/koa/blob/master/docs/migration.md at app.js:16:5
2020-06-27 16:20:00: (node:6944) [SEQUELIZE0004] DeprecationWarning: A boolean value was passed to options.operatorsAliases. This is a no-op with v5 and should be removed.
2020-06-27 16:20:00: Ignoring invalid configuration option passed to Connection: collate. This is currently a warning, but in future versions of MySQL2, an error will be thrown if you pass an invalid configuration option to a Connection
2020-06-27 16:20:01: Ignoring invalid configuration option passed to Connection: collate. This is currently a warning, but in future versions of MySQL2, an error will be thrown if you pass an invalid configuration option to a Connection
2020-06-27 16:20:01: Ignoring invalid configuration option passed to Connection: collate. This is currently a warning, but in future versions of MySQL2, an error will be thrown if you pass an invalid configuration option to a Connection
2020-06-27 16:20:20: Sat, 27 Jun 2020 08:20:20 GMT koa deprecated Support for generators will be removed in v3. See the documentation for examples of how to convert old middleware https://github.com/koajs/koa/blob/master/docs/migration.md at app.js:16:5
2020-06-27 16:20:20: (node:8512) [SEQUELIZE0004] DeprecationWarning: A boolean value was passed to options.operatorsAliases. This is a no-op with v5 and should be removed.
2020-06-27 16:20:20: Ignoring invalid configuration option passed to Connection: collate. This is currently a warning, but in future versions of MySQL2, an error will be thrown if you pass an invalid configuration option to a Connection
2020-06-27 16:20:21: Ignoring invalid configuration option passed to Connection: collate. This is currently a warning, but in future versions of MySQL2, an error will be thrown if you pass an invalid configuration option to a Connection
2020-06-27 16:20:21: Ignoring invalid configuration option passed to Connection: collate. This is currently a warning, but in future versions of MySQL2, an error will be thrown if you pass an invalid configuration option to a Connection
2020-06-27 16:22:37: Sat, 27 Jun 2020 08:22:37 GMT koa deprecated Support for generators will be removed in v3. See the documentation for examples of how to convert old middleware https://github.com/koajs/koa/blob/master/docs/migration.md at app.js:16:5
2020-06-27 16:22:37: (node:11340) [SEQUELIZE0004] DeprecationWarning: A boolean value was passed to options.operatorsAliases. This is a no-op with v5 and should be removed.
2020-06-27 16:22:37: Ignoring invalid configuration option passed to Connection: collate. This is currently a warning, but in future versions of MySQL2, an error will be thrown if you pass an invalid configuration option to a Connection
2020-06-27 16:22:38: Ignoring invalid configuration option passed to Connection: collate. This is currently a warning, but in future versions of MySQL2, an error will be thrown if you pass an invalid configuration option to a Connection
2020-06-27 16:22:38: Ignoring invalid configuration option passed to Connection: collate. This is currently a warning, but in future versions of MySQL2, an error will be thrown if you pass an invalid configuration option to a Connection
2020-06-27 16:22:39: Ignoring invalid configuration option passed to Connection: collate. This is currently a warning, but in future versions of MySQL2, an error will be thrown if you pass an invalid configuration option to a Connection
2020-06-27 16:22:39: Ignoring invalid configuration option passed to Connection: collate. This is currently a warning, but in future versions of MySQL2, an error will be thrown if you pass an invalid configuration option to a Connection
2020-06-27 16:40:07: Sat, 27 Jun 2020 08:40:07 GMT koa deprecated Support for generators will be removed in v3. See the documentation for examples of how to convert old middleware https://github.com/koajs/koa/blob/master/docs/migration.md at app.js:16:5
2020-06-27 16:40:07: (node:6176) [SEQUELIZE0004] DeprecationWarning: A boolean value was passed to options.operatorsAliases. This is a no-op with v5 and should be removed.
2020-06-27 16:40:07: Ignoring invalid configuration option passed to Connection: collate. This is currently a warning, but in future versions of MySQL2, an error will be thrown if you pass an invalid configuration option to a Connection
2020-06-27 16:40:08: Ignoring invalid configuration option passed to Connection: collate. This is currently a warning, but in future versions of MySQL2, an error will be thrown if you pass an invalid configuration option to a Connection
2020-06-27 16:40:08: Ignoring invalid configuration option passed to Connection: collate. This is currently a warning, but in future versions of MySQL2, an error will be thrown if you pass an invalid configuration option to a Connection
2020-06-27 16:40:09: Ignoring invalid configuration option passed to Connection: collate. This is currently a warning, but in future versions of MySQL2, an error will be thrown if you pass an invalid configuration option to a Connection
2020-06-27 16:40:11: Sat, 27 Jun 2020 08:40:11 GMT koa deprecated Support for generators will be removed in v3. See the documentation for examples of how to convert old middleware https://github.com/koajs/koa/blob/master/docs/migration.md at app.js:16:5
2020-06-27 16:40:11: (node:10388) [SEQUELIZE0004] DeprecationWarning: A boolean value was passed to options.operatorsAliases. This is a no-op with v5 and should be removed.
2020-06-27 16:40:11: Ignoring invalid configuration option passed to Connection: collate. This is currently a warning, but in future versions of MySQL2, an error will be thrown if you pass an invalid configuration option to a Connection
2020-06-27 16:40:12: Ignoring invalid configuration option passed to Connection: collate. This is currently a warning, but in future versions of MySQL2, an error will be thrown if you pass an invalid configuration option to a Connection
2020-06-27 16:40:12: Ignoring invalid configuration option passed to Connection: collate. This is currently a warning, but in future versions of MySQL2, an error will be thrown if you pass an invalid configuration option to a Connection
2020-06-27 16:40:13: Ignoring invalid configuration option passed to Connection: collate. This is currently a warning, but in future versions of MySQL2, an error will be thrown if you pass an invalid configuration option to a Connection
2020-06-27 16:40:14: Ignoring invalid configuration option passed to Connection: collate. This is currently a warning, but in future versions of MySQL2, an error will be thrown if you pass an invalid configuration option to a Connection
2020-06-27 16:40:18: Sat, 27 Jun 2020 08:40:18 GMT koa deprecated Support for generators will be removed in v3. See the documentation for examples of how to convert old middleware https://github.com/koajs/koa/blob/master/docs/migration.md at app.js:16:5
2020-06-27 16:40:18: (node:9968) [SEQUELIZE0004] DeprecationWarning: A boolean value was passed to options.operatorsAliases. This is a no-op with v5 and should be removed.
2020-06-27 16:40:18: Ignoring invalid configuration option passed to Connection: collate. This is currently a warning, but in future versions of MySQL2, an error will be thrown if you pass an invalid configuration option to a Connection
2020-06-27 16:40:19: Ignoring invalid configuration option passed to Connection: collate. This is currently a warning, but in future versions of MySQL2, an error will be thrown if you pass an invalid configuration option to a Connection
2020-06-27 16:40:19: Ignoring invalid configuration option passed to Connection: collate. This is currently a warning, but in future versions of MySQL2, an error will be thrown if you pass an invalid configuration option to a Connection
2020-06-27 16:40:21: Ignoring invalid configuration option passed to Connection: collate. This is currently a warning, but in future versions of MySQL2, an error will be thrown if you pass an invalid configuration option to a Connection
2020-06-27 16:40:21: Ignoring invalid configuration option passed to Connection: collate. This is currently a warning, but in future versions of MySQL2, an error will be thrown if you pass an invalid configuration option to a Connection
2020-06-27 16:40:49: Sat, 27 Jun 2020 08:40:49 GMT koa deprecated Support for generators will be removed in v3. See the documentation for examples of how to convert old middleware https://github.com/koajs/koa/blob/master/docs/migration.md at app.js:16:5
2020-06-27 16:40:49: (node:1452) [SEQUELIZE0004] DeprecationWarning: A boolean value was passed to options.operatorsAliases. This is a no-op with v5 and should be removed.
2020-06-27 16:40:49: Ignoring invalid configuration option passed to Connection: collate. This is currently a warning, but in future versions of MySQL2, an error will be thrown if you pass an invalid configuration option to a Connection
2020-06-27 16:40:51: Ignoring invalid configuration option passed to Connection: collate. This is currently a warning, but in future versions of MySQL2, an error will be thrown if you pass an invalid configuration option to a Connection
2020-06-27 16:40:51: Ignoring invalid configuration option passed to Connection: collate. This is currently a warning, but in future versions of MySQL2, an error will be thrown if you pass an invalid configuration option to a Connection
2020-06-27 16:40:52: Ignoring invalid configuration option passed to Connection: collate. This is currently a warning, but in future versions of MySQL2, an error will be thrown if you pass an invalid configuration option to a Connection
2020-06-27 16:40:53: Ignoring invalid configuration option passed to Connection: collate. This is currently a warning, but in future versions of MySQL2, an error will be thrown if you pass an invalid configuration option to a Connection
2020-06-27 16:47:52: Sat, 27 Jun 2020 08:47:52 GMT koa deprecated Support for generators will be removed in v3. See the documentation for examples of how to convert old middleware https://github.com/koajs/koa/blob/master/docs/migration.md at app.js:16:5
2020-06-27 16:47:52: (node:8440) [SEQUELIZE0004] DeprecationWarning: A boolean value was passed to options.operatorsAliases. This is a no-op with v5 and should be removed.
2020-06-27 16:47:52: Ignoring invalid configuration option passed to Connection: collate. This is currently a warning, but in future versions of MySQL2, an error will be thrown if you pass an invalid configuration option to a Connection
2020-06-27 16:47:54: Ignoring invalid configuration option passed to Connection: collate. This is currently a warning, but in future versions of MySQL2, an error will be thrown if you pass an invalid configuration option to a Connection
2020-06-27 16:47:54: Ignoring invalid configuration option passed to Connection: collate. This is currently a warning, but in future versions of MySQL2, an error will be thrown if you pass an invalid configuration option to a Connection
2020-06-27 16:47:57: Sat, 27 Jun 2020 08:47:57 GMT koa deprecated Support for generators will be removed in v3. See the documentation for examples of how to convert old middleware https://github.com/koajs/koa/blob/master/docs/migration.md at app.js:16:5
2020-06-27 16:47:57: (node:876) [SEQUELIZE0004] DeprecationWarning: A boolean value was passed to options.operatorsAliases. This is a no-op with v5 and should be removed.
2020-06-27 16:47:57: Ignoring invalid configuration option passed to Connection: collate. This is currently a warning, but in future versions of MySQL2, an error will be thrown if you pass an invalid configuration option to a Connection
2020-06-27 16:47:59: Ignoring invalid configuration option passed to Connection: collate. This is currently a warning, but in future versions of MySQL2, an error will be thrown if you pass an invalid configuration option to a Connection
2020-06-27 16:47:59: Ignoring invalid configuration option passed to Connection: collate. This is currently a warning, but in future versions of MySQL2, an error will be thrown if you pass an invalid configuration option to a Connection
2020-06-27 16:48:00: Ignoring invalid configuration option passed to Connection: collate. This is currently a warning, but in future versions of MySQL2, an error will be thrown if you pass an invalid configuration option to a Connection
2020-06-27 16:48:00: Ignoring invalid configuration option passed to Connection: collate. This is currently a warning, but in future versions of MySQL2, an error will be thrown if you pass an invalid configuration option to a Connection
2020-06-27 16:49:12: Sat, 27 Jun 2020 08:49:12 GMT koa deprecated Support for generators will be removed in v3. See the documentation for examples of how to convert old middleware https://github.com/koajs/koa/blob/master/docs/migration.md at app.js:16:5
2020-06-27 16:49:12: (node:8888) [SEQUELIZE0004] DeprecationWarning: A boolean value was passed to options.operatorsAliases. This is a no-op with v5 and should be removed.
2020-06-27 16:49:12: Ignoring invalid configuration option passed to Connection: collate. This is currently a warning, but in future versions of MySQL2, an error will be thrown if you pass an invalid configuration option to a Connection
2020-06-27 16:49:18: Sat, 27 Jun 2020 08:49:18 GMT koa deprecated Support for generators will be removed in v3. See the documentation for examples of how to convert old middleware https://github.com/koajs/koa/blob/master/docs/migration.md at app.js:16:5
2020-06-27 16:49:18: (node:4492) [SEQUELIZE0004] DeprecationWarning: A boolean value was passed to options.operatorsAliases. This is a no-op with v5 and should be removed.
2020-06-27 16:49:18: Ignoring invalid configuration option passed to Connection: collate. This is currently a warning, but in future versions of MySQL2, an error will be thrown if you pass an invalid configuration option to a Connection
2020-06-27 16:49:22: Ignoring invalid configuration option passed to Connection: collate. This is currently a warning, but in future versions of MySQL2, an error will be thrown if you pass an invalid configuration option to a Connection
2020-06-27 16:49:22: Ignoring invalid configuration option passed to Connection: collate. This is currently a warning, but in future versions of MySQL2, an error will be thrown if you pass an invalid configuration option to a Connection
2020-06-27 16:49:31: Sat, 27 Jun 2020 08:49:31 GMT koa deprecated Support for generators will be removed in v3. See the documentation for examples of how to convert old middleware https://github.com/koajs/koa/blob/master/docs/migration.md at app.js:16:5
2020-06-27 16:49:31: (node:7256) [SEQUELIZE0004] DeprecationWarning: A boolean value was passed to options.operatorsAliases. This is a no-op with v5 and should be removed.
2020-06-27 16:49:31: Ignoring invalid configuration option passed to Connection: collate. This is currently a warning, but in future versions of MySQL2, an error will be thrown if you pass an invalid configuration option to a Connection
2020-06-27 16:49:32: Ignoring invalid configuration option passed to Connection: collate. This is currently a warning, but in future versions of MySQL2, an error will be thrown if you pass an invalid configuration option to a Connection
2020-06-27 16:49:32: Ignoring invalid configuration option passed to Connection: collate. This is currently a warning, but in future versions of MySQL2, an error will be thrown if you pass an invalid configuration option to a Connection
2020-06-27 16:49:32: Ignoring invalid configuration option passed to Connection: collate. This is currently a warning, but in future versions of MySQL2, an error will be thrown if you pass an invalid configuration option to a Connection
2020-06-27 16:49:33: Ignoring invalid configuration option passed to Connection: collate. This is currently a warning, but in future versions of MySQL2, an error will be thrown if you pass an invalid configuration option to a Connection
2020-06-27 16:50:02: Sat, 27 Jun 2020 08:50:02 GMT koa deprecated Support for generators will be removed in v3. See the documentation for examples of how to convert old middleware https://github.com/koajs/koa/blob/master/docs/migration.md at app.js:16:5
2020-06-27 16:50:02: (node:6116) [SEQUELIZE0004] DeprecationWarning: A boolean value was passed to options.operatorsAliases. This is a no-op with v5 and should be removed.
2020-06-27 16:50:02: Ignoring invalid configuration option passed to Connection: collate. This is currently a warning, but in future versions of MySQL2, an error will be thrown if you pass an invalid configuration option to a Connection
2020-06-27 16:50:04: Sat, 27 Jun 2020 08:50:04 GMT koa deprecated Support for generators will be removed in v3. See the documentation for examples of how to convert old middleware https://github.com/koajs/koa/blob/master/docs/migration.md at app.js:16:5
2020-06-27 16:50:04: (node:6008) [SEQUELIZE0004] DeprecationWarning: A boolean value was passed to options.operatorsAliases. This is a no-op with v5 and should be removed.
2020-06-27 16:50:04: Ignoring invalid configuration option passed to Connection: collate. This is currently a warning, but in future versions of MySQL2, an error will be thrown if you pass an invalid configuration option to a Connection
2020-06-27 16:50:05: Ignoring invalid configuration option passed to Connection: collate. This is currently a warning, but in future versions of MySQL2, an error will be thrown if you pass an invalid configuration option to a Connection
2020-06-27 16:50:05: Ignoring invalid configuration option passed to Connection: collate. This is currently a warning, but in future versions of MySQL2, an error will be thrown if you pass an invalid configuration option to a Connection
2020-06-27 16:50:06: Ignoring invalid configuration option passed to Connection: collate. This is currently a warning, but in future versions of MySQL2, an error will be thrown if you pass an invalid configuration option to a Connection
2020-06-27 16:50:06: Ignoring invalid configuration option passed to Connection: collate. This is currently a warning, but in future versions of MySQL2, an error will be thrown if you pass an invalid configuration option to a Connection
=======
>>>>>>> 144f772ce7f19e00a3d5933b34609093304362fb
2020-06-27 04:55:47: /root/.nvm/versions/node/v10.21.0/lib/node_modules/pm2/lib/ProcessContainerFork.js:29
2020-06-27 04:55:47:     import(process.env.pm_exec_path);
2020-06-27 04:55:47:     ^^^^^^
2020-06-27 04:55:47: 
2020-06-27 04:55:47: SyntaxError: Unexpected token import
2020-06-27 04:55:47:     at createScript (vm.js:80:10)
2020-06-27 04:55:47:     at Object.runInThisContext (vm.js:139:10)
2020-06-27 04:55:47:     at Module._compile (module.js:607:28)
2020-06-27 04:55:47:     at Object.Module._extensions..js (module.js:654:10)
2020-06-27 04:55:47:     at Module.load (module.js:556:32)
2020-06-27 04:55:47:     at tryModuleLoad (module.js:499:12)
2020-06-27 04:55:47:     at Function.Module._load (module.js:491:3)
2020-06-27 04:55:47:     at Function.Module.runMain (module.js:684:10)
2020-06-27 04:55:47:     at startup (bootstrap_node.js:187:16)
2020-06-27 04:55:47:     at bootstrap_node.js:608:3
2020-06-27 04:55:47: /root/.nvm/versions/node/v10.21.0/lib/node_modules/pm2/lib/ProcessContainerFork.js:29
2020-06-27 04:55:47:     import(process.env.pm_exec_path);
2020-06-27 04:55:47:     ^^^^^^
2020-06-27 04:55:47: 
2020-06-27 04:55:47: SyntaxError: Unexpected token import
2020-06-27 04:55:47:     at createScript (vm.js:80:10)
2020-06-27 04:55:47:     at Object.runInThisContext (vm.js:139:10)
2020-06-27 04:55:47:     at Module._compile (module.js:607:28)
2020-06-27 04:55:47:     at Object.Module._extensions..js (module.js:654:10)
2020-06-27 04:55:47:     at Module.load (module.js:556:32)
2020-06-27 04:55:47:     at tryModuleLoad (module.js:499:12)
2020-06-27 04:55:47:     at Function.Module._load (module.js:491:3)
2020-06-27 04:55:47:     at Function.Module.runMain (module.js:684:10)
2020-06-27 04:55:47:     at startup (bootstrap_node.js:187:16)
2020-06-27 04:55:47:     at bootstrap_node.js:608:3
2020-06-27 04:55:47: /root/.nvm/versions/node/v10.21.0/lib/node_modules/pm2/lib/ProcessContainerFork.js:29
2020-06-27 04:55:47:     import(process.env.pm_exec_path);
2020-06-27 04:55:47:     ^^^^^^
2020-06-27 04:55:47: 
2020-06-27 04:55:47: SyntaxError: Unexpected token import
2020-06-27 04:55:47:     at createScript (vm.js:80:10)
2020-06-27 04:55:47:     at Object.runInThisContext (vm.js:139:10)
2020-06-27 04:55:47:     at Module._compile (module.js:607:28)
2020-06-27 04:55:47:     at Object.Module._extensions..js (module.js:654:10)
2020-06-27 04:55:47:     at Module.load (module.js:556:32)
2020-06-27 04:55:47:     at tryModuleLoad (module.js:499:12)
2020-06-27 04:55:47:     at Function.Module._load (module.js:491:3)
2020-06-27 04:55:47:     at Function.Module.runMain (module.js:684:10)
2020-06-27 04:55:47:     at startup (bootstrap_node.js:187:16)
2020-06-27 04:55:47:     at bootstrap_node.js:608:3
2020-06-27 04:55:47: /root/.nvm/versions/node/v10.21.0/lib/node_modules/pm2/lib/ProcessContainerFork.js:29
2020-06-27 04:55:47:     import(process.env.pm_exec_path);
2020-06-27 04:55:47:     ^^^^^^
2020-06-27 04:55:47: 
2020-06-27 04:55:47: SyntaxError: Unexpected token import
2020-06-27 04:55:47:     at createScript (vm.js:80:10)
2020-06-27 04:55:47:     at Object.runInThisContext (vm.js:139:10)
2020-06-27 04:55:47:     at Module._compile (module.js:607:28)
2020-06-27 04:55:47:     at Object.Module._extensions..js (module.js:654:10)
2020-06-27 04:55:47:     at Module.load (module.js:556:32)
2020-06-27 04:55:47:     at tryModuleLoad (module.js:499:12)
2020-06-27 04:55:47:     at Function.Module._load (module.js:491:3)
2020-06-27 04:55:47:     at Function.Module.runMain (module.js:684:10)
2020-06-27 04:55:47:     at startup (bootstrap_node.js:187:16)
2020-06-27 04:55:47:     at bootstrap_node.js:608:3
2020-06-27 04:55:47: /root/.nvm/versions/node/v10.21.0/lib/node_modules/pm2/lib/ProcessContainerFork.js:29
2020-06-27 04:55:47:     import(process.env.pm_exec_path);
2020-06-27 04:55:47:     ^^^^^^
2020-06-27 04:55:47: 
2020-06-27 04:55:47: SyntaxError: Unexpected token import
2020-06-27 04:55:47:     at createScript (vm.js:80:10)
2020-06-27 04:55:47:     at Object.runInThisContext (vm.js:139:10)
2020-06-27 04:55:47:     at Module._compile (module.js:607:28)
2020-06-27 04:55:47:     at Object.Module._extensions..js (module.js:654:10)
2020-06-27 04:55:47:     at Module.load (module.js:556:32)
2020-06-27 04:55:47:     at tryModuleLoad (module.js:499:12)
2020-06-27 04:55:47:     at Function.Module._load (module.js:491:3)
2020-06-27 04:55:47:     at Function.Module.runMain (module.js:684:10)
2020-06-27 04:55:47:     at startup (bootstrap_node.js:187:16)
2020-06-27 04:55:47:     at bootstrap_node.js:608:3
2020-06-27 04:55:47: /root/.nvm/versions/node/v10.21.0/lib/node_modules/pm2/lib/ProcessContainerFork.js:29
2020-06-27 04:55:47:     import(process.env.pm_exec_path);
2020-06-27 04:55:47:     ^^^^^^
2020-06-27 04:55:47: 
2020-06-27 04:55:47: SyntaxError: Unexpected token import
2020-06-27 04:55:47:     at createScript (vm.js:80:10)
2020-06-27 04:55:47:     at Object.runInThisContext (vm.js:139:10)
2020-06-27 04:55:47:     at Module._compile (module.js:607:28)
2020-06-27 04:55:47:     at Object.Module._extensions..js (module.js:654:10)
2020-06-27 04:55:47:     at Module.load (module.js:556:32)
2020-06-27 04:55:47:     at tryModuleLoad (module.js:499:12)
2020-06-27 04:55:47:     at Function.Module._load (module.js:491:3)
2020-06-27 04:55:47:     at Function.Module.runMain (module.js:684:10)
2020-06-27 04:55:47:     at startup (bootstrap_node.js:187:16)
2020-06-27 04:55:47:     at bootstrap_node.js:608:3
2020-06-27 04:55:47: /root/.nvm/versions/node/v10.21.0/lib/node_modules/pm2/lib/ProcessContainerFork.js:29
2020-06-27 04:55:47:     import(process.env.pm_exec_path);
2020-06-27 04:55:47:     ^^^^^^
2020-06-27 04:55:47: 
2020-06-27 04:55:47: SyntaxError: Unexpected token import
2020-06-27 04:55:47:     at createScript (vm.js:80:10)
2020-06-27 04:55:47:     at Object.runInThisContext (vm.js:139:10)
2020-06-27 04:55:47:     at Module._compile (module.js:607:28)
2020-06-27 04:55:47:     at Object.Module._extensions..js (module.js:654:10)
2020-06-27 04:55:47:     at Module.load (module.js:556:32)
2020-06-27 04:55:47:     at tryModuleLoad (module.js:499:12)
2020-06-27 04:55:47:     at Function.Module._load (module.js:491:3)
2020-06-27 04:55:47:     at Function.Module.runMain (module.js:684:10)
2020-06-27 04:55:47:     at startup (bootstrap_node.js:187:16)
2020-06-27 04:55:47:     at bootstrap_node.js:608:3
2020-06-27 04:55:48: /root/.nvm/versions/node/v10.21.0/lib/node_modules/pm2/lib/ProcessContainerFork.js:29
2020-06-27 04:55:48:     import(process.env.pm_exec_path);
2020-06-27 04:55:48:     ^^^^^^
2020-06-27 04:55:48: 
2020-06-27 04:55:48: SyntaxError: Unexpected token import
2020-06-27 04:55:48:     at createScript (vm.js:80:10)
2020-06-27 04:55:48:     at Object.runInThisContext (vm.js:139:10)
2020-06-27 04:55:48:     at Module._compile (module.js:607:28)
2020-06-27 04:55:48:     at Object.Module._extensions..js (module.js:654:10)
2020-06-27 04:55:48:     at Module.load (module.js:556:32)
2020-06-27 04:55:48:     at tryModuleLoad (module.js:499:12)
2020-06-27 04:55:48:     at Function.Module._load (module.js:491:3)
2020-06-27 04:55:48:     at Function.Module.runMain (module.js:684:10)
2020-06-27 04:55:48:     at startup (bootstrap_node.js:187:16)
2020-06-27 04:55:48:     at bootstrap_node.js:608:3
2020-06-27 04:55:48: /root/.nvm/versions/node/v10.21.0/lib/node_modules/pm2/lib/ProcessContainerFork.js:29
2020-06-27 04:55:48:     import(process.env.pm_exec_path);
2020-06-27 04:55:48:     ^^^^^^
2020-06-27 04:55:48: 
2020-06-27 04:55:48: SyntaxError: Unexpected token import
2020-06-27 04:55:48:     at createScript (vm.js:80:10)
2020-06-27 04:55:48:     at Object.runInThisContext (vm.js:139:10)
2020-06-27 04:55:48:     at Module._compile (module.js:607:28)
2020-06-27 04:55:48:     at Object.Module._extensions..js (module.js:654:10)
2020-06-27 04:55:48:     at Module.load (module.js:556:32)
2020-06-27 04:55:48:     at tryModuleLoad (module.js:499:12)
2020-06-27 04:55:48:     at Function.Module._load (module.js:491:3)
2020-06-27 04:55:48:     at Function.Module.runMain (module.js:684:10)
2020-06-27 04:55:48:     at startup (bootstrap_node.js:187:16)
2020-06-27 04:55:48:     at bootstrap_node.js:608:3
2020-06-27 04:55:48: /root/.nvm/versions/node/v10.21.0/lib/node_modules/pm2/lib/ProcessContainerFork.js:29
2020-06-27 04:55:48:     import(process.env.pm_exec_path);
2020-06-27 04:55:48:     ^^^^^^
2020-06-27 04:55:48: 
2020-06-27 04:55:48: SyntaxError: Unexpected token import
2020-06-27 04:55:48:     at createScript (vm.js:80:10)
2020-06-27 04:55:48:     at Object.runInThisContext (vm.js:139:10)
2020-06-27 04:55:48:     at Module._compile (module.js:607:28)
2020-06-27 04:55:48:     at Object.Module._extensions..js (module.js:654:10)
2020-06-27 04:55:48:     at Module.load (module.js:556:32)
2020-06-27 04:55:48:     at tryModuleLoad (module.js:499:12)
2020-06-27 04:55:48:     at Function.Module._load (module.js:491:3)
2020-06-27 04:55:48:     at Function.Module.runMain (module.js:684:10)
2020-06-27 04:55:48:     at startup (bootstrap_node.js:187:16)
2020-06-27 04:55:48:     at bootstrap_node.js:608:3
2020-06-27 04:55:48: /root/.nvm/versions/node/v10.21.0/lib/node_modules/pm2/lib/ProcessContainerFork.js:29
2020-06-27 04:55:48:     import(process.env.pm_exec_path);
2020-06-27 04:55:48:     ^^^^^^
2020-06-27 04:55:48: 
2020-06-27 04:55:48: SyntaxError: Unexpected token import
2020-06-27 04:55:48:     at createScript (vm.js:80:10)
2020-06-27 04:55:48:     at Object.runInThisContext (vm.js:139:10)
2020-06-27 04:55:48:     at Module._compile (module.js:607:28)
2020-06-27 04:55:48:     at Object.Module._extensions..js (module.js:654:10)
2020-06-27 04:55:48:     at Module.load (module.js:556:32)
2020-06-27 04:55:48:     at tryModuleLoad (module.js:499:12)
2020-06-27 04:55:48:     at Function.Module._load (module.js:491:3)
2020-06-27 04:55:48:     at Function.Module.runMain (module.js:684:10)
2020-06-27 04:55:48:     at startup (bootstrap_node.js:187:16)
2020-06-27 04:55:48:     at bootstrap_node.js:608:3
2020-06-27 04:55:48: /root/.nvm/versions/node/v10.21.0/lib/node_modules/pm2/lib/ProcessContainerFork.js:29
2020-06-27 04:55:48:     import(process.env.pm_exec_path);
2020-06-27 04:55:48:     ^^^^^^
2020-06-27 04:55:48: 
2020-06-27 04:55:48: SyntaxError: Unexpected token import
2020-06-27 04:55:48:     at createScript (vm.js:80:10)
2020-06-27 04:55:48:     at Object.runInThisContext (vm.js:139:10)
2020-06-27 04:55:48:     at Module._compile (module.js:607:28)
2020-06-27 04:55:48:     at Object.Module._extensions..js (module.js:654:10)
2020-06-27 04:55:48:     at Module.load (module.js:556:32)
2020-06-27 04:55:48:     at tryModuleLoad (module.js:499:12)
2020-06-27 04:55:48:     at Function.Module._load (module.js:491:3)
2020-06-27 04:55:48:     at Function.Module.runMain (module.js:684:10)
2020-06-27 04:55:48:     at startup (bootstrap_node.js:187:16)
2020-06-27 04:55:48:     at bootstrap_node.js:608:3
2020-06-27 04:55:48: /root/.nvm/versions/node/v10.21.0/lib/node_modules/pm2/lib/ProcessContainerFork.js:29
2020-06-27 04:55:48:     import(process.env.pm_exec_path);
2020-06-27 04:55:48:     ^^^^^^
2020-06-27 04:55:48: 
2020-06-27 04:55:48: SyntaxError: Unexpected token import
2020-06-27 04:55:48:     at createScript (vm.js:80:10)
2020-06-27 04:55:48:     at Object.runInThisContext (vm.js:139:10)
2020-06-27 04:55:48:     at Module._compile (module.js:607:28)
2020-06-27 04:55:48:     at Object.Module._extensions..js (module.js:654:10)
2020-06-27 04:55:48:     at Module.load (module.js:556:32)
2020-06-27 04:55:48:     at tryModuleLoad (module.js:499:12)
2020-06-27 04:55:48:     at Function.Module._load (module.js:491:3)
2020-06-27 04:55:48:     at Function.Module.runMain (module.js:684:10)
2020-06-27 04:55:48:     at startup (bootstrap_node.js:187:16)
2020-06-27 04:55:48:     at bootstrap_node.js:608:3
2020-06-27 04:55:48: /root/.nvm/versions/node/v10.21.0/lib/node_modules/pm2/lib/ProcessContainerFork.js:29
2020-06-27 04:55:48:     import(process.env.pm_exec_path);
2020-06-27 04:55:48:     ^^^^^^
2020-06-27 04:55:48: 
2020-06-27 04:55:48: SyntaxError: Unexpected token import
2020-06-27 04:55:48:     at createScript (vm.js:80:10)
2020-06-27 04:55:48:     at Object.runInThisContext (vm.js:139:10)
2020-06-27 04:55:48:     at Module._compile (module.js:607:28)
2020-06-27 04:55:48:     at Object.Module._extensions..js (module.js:654:10)
2020-06-27 04:55:48:     at Module.load (module.js:556:32)
2020-06-27 04:55:48:     at tryModuleLoad (module.js:499:12)
2020-06-27 04:55:48:     at Function.Module._load (module.js:491:3)
2020-06-27 04:55:48:     at Function.Module.runMain (module.js:684:10)
2020-06-27 04:55:48:     at startup (bootstrap_node.js:187:16)
2020-06-27 04:55:48:     at bootstrap_node.js:608:3
2020-06-27 04:55:48: /root/.nvm/versions/node/v10.21.0/lib/node_modules/pm2/lib/ProcessContainerFork.js:29
2020-06-27 04:55:48:     import(process.env.pm_exec_path);
2020-06-27 04:55:48:     ^^^^^^
2020-06-27 04:55:48: 
2020-06-27 04:55:48: SyntaxError: Unexpected token import
2020-06-27 04:55:48:     at createScript (vm.js:80:10)
2020-06-27 04:55:48:     at Object.runInThisContext (vm.js:139:10)
2020-06-27 04:55:48:     at Module._compile (module.js:607:28)
2020-06-27 04:55:48:     at Object.Module._extensions..js (module.js:654:10)
2020-06-27 04:55:48:     at Module.load (module.js:556:32)
2020-06-27 04:55:48:     at tryModuleLoad (module.js:499:12)
2020-06-27 04:55:48:     at Function.Module._load (module.js:491:3)
2020-06-27 04:55:48:     at Function.Module.runMain (module.js:684:10)
2020-06-27 04:55:48:     at startup (bootstrap_node.js:187:16)
2020-06-27 04:55:48:     at bootstrap_node.js:608:3
2020-06-27 04:55:49: /root/.nvm/versions/node/v10.21.0/lib/node_modules/pm2/lib/ProcessContainerFork.js:29
2020-06-27 04:55:49:     import(process.env.pm_exec_path);
2020-06-27 04:55:49:     ^^^^^^
2020-06-27 04:55:49: 
2020-06-27 04:55:49: SyntaxError: Unexpected token import
2020-06-27 04:55:49:     at createScript (vm.js:80:10)
2020-06-27 04:55:49:     at Object.runInThisContext (vm.js:139:10)
2020-06-27 04:55:49:     at Module._compile (module.js:607:28)
2020-06-27 04:55:49:     at Object.Module._extensions..js (module.js:654:10)
2020-06-27 04:55:49:     at Module.load (module.js:556:32)
2020-06-27 04:55:49:     at tryModuleLoad (module.js:499:12)
2020-06-27 04:55:49:     at Function.Module._load (module.js:491:3)
2020-06-27 04:55:49:     at Function.Module.runMain (module.js:684:10)
2020-06-27 04:55:49:     at startup (bootstrap_node.js:187:16)
2020-06-27 04:55:49:     at bootstrap_node.js:608:3
2020-06-27 04:57:54: /root/.nvm/versions/node/v10.21.0/lib/node_modules/pm2/lib/ProcessContainerFork.js:29
2020-06-27 04:57:54:     import(process.env.pm_exec_path);
2020-06-27 04:57:54:     ^^^^^^
2020-06-27 04:57:54: 
2020-06-27 04:57:54: SyntaxError: Unexpected token import
2020-06-27 04:57:54:     at createScript (vm.js:80:10)
2020-06-27 04:57:54:     at Object.runInThisContext (vm.js:139:10)
2020-06-27 04:57:54:     at Module._compile (module.js:607:28)
2020-06-27 04:57:54:     at Object.Module._extensions..js (module.js:654:10)
2020-06-27 04:57:54:     at Module.load (module.js:556:32)
2020-06-27 04:57:54:     at tryModuleLoad (module.js:499:12)
2020-06-27 04:57:54:     at Function.Module._load (module.js:491:3)
2020-06-27 04:57:54:     at Function.Module.runMain (module.js:684:10)
2020-06-27 04:57:54:     at startup (bootstrap_node.js:187:16)
2020-06-27 04:57:54:     at bootstrap_node.js:608:3
2020-06-27 04:57:54: /root/.nvm/versions/node/v10.21.0/lib/node_modules/pm2/lib/ProcessContainerFork.js:29
2020-06-27 04:57:54:     import(process.env.pm_exec_path);
2020-06-27 04:57:54:     ^^^^^^
2020-06-27 04:57:54: 
2020-06-27 04:57:54: SyntaxError: Unexpected token import
2020-06-27 04:57:54:     at createScript (vm.js:80:10)
2020-06-27 04:57:54:     at Object.runInThisContext (vm.js:139:10)
2020-06-27 04:57:54:     at Module._compile (module.js:607:28)
2020-06-27 04:57:54:     at Object.Module._extensions..js (module.js:654:10)
2020-06-27 04:57:54:     at Module.load (module.js:556:32)
2020-06-27 04:57:54:     at tryModuleLoad (module.js:499:12)
2020-06-27 04:57:54:     at Function.Module._load (module.js:491:3)
2020-06-27 04:57:54:     at Function.Module.runMain (module.js:684:10)
2020-06-27 04:57:54:     at startup (bootstrap_node.js:187:16)
2020-06-27 04:57:54:     at bootstrap_node.js:608:3
2020-06-27 04:57:54: /root/.nvm/versions/node/v10.21.0/lib/node_modules/pm2/lib/ProcessContainerFork.js:29
2020-06-27 04:57:54:     import(process.env.pm_exec_path);
2020-06-27 04:57:54:     ^^^^^^
2020-06-27 04:57:54: 
2020-06-27 04:57:54: SyntaxError: Unexpected token import
2020-06-27 04:57:54:     at createScript (vm.js:80:10)
2020-06-27 04:57:54:     at Object.runInThisContext (vm.js:139:10)
2020-06-27 04:57:54:     at Module._compile (module.js:607:28)
2020-06-27 04:57:54:     at Object.Module._extensions..js (module.js:654:10)
2020-06-27 04:57:54:     at Module.load (module.js:556:32)
2020-06-27 04:57:54:     at tryModuleLoad (module.js:499:12)
2020-06-27 04:57:54:     at Function.Module._load (module.js:491:3)
2020-06-27 04:57:54:     at Function.Module.runMain (module.js:684:10)
2020-06-27 04:57:54:     at startup (bootstrap_node.js:187:16)
2020-06-27 04:57:54:     at bootstrap_node.js:608:3
2020-06-27 04:57:55: /root/.nvm/versions/node/v10.21.0/lib/node_modules/pm2/lib/ProcessContainerFork.js:29
2020-06-27 04:57:55:     import(process.env.pm_exec_path);
2020-06-27 04:57:55:     ^^^^^^
2020-06-27 04:57:55: 
2020-06-27 04:57:55: SyntaxError: Unexpected token import
2020-06-27 04:57:55:     at createScript (vm.js:80:10)
2020-06-27 04:57:55:     at Object.runInThisContext (vm.js:139:10)
2020-06-27 04:57:55:     at Module._compile (module.js:607:28)
2020-06-27 04:57:55:     at Object.Module._extensions..js (module.js:654:10)
2020-06-27 04:57:55:     at Module.load (module.js:556:32)
2020-06-27 04:57:55:     at tryModuleLoad (module.js:499:12)
2020-06-27 04:57:55:     at Function.Module._load (module.js:491:3)
2020-06-27 04:57:55:     at Function.Module.runMain (module.js:684:10)
2020-06-27 04:57:55:     at startup (bootstrap_node.js:187:16)
2020-06-27 04:57:55:     at bootstrap_node.js:608:3
2020-06-27 04:57:55: /root/.nvm/versions/node/v10.21.0/lib/node_modules/pm2/lib/ProcessContainerFork.js:29
2020-06-27 04:57:55:     import(process.env.pm_exec_path);
2020-06-27 04:57:55:     ^^^^^^
2020-06-27 04:57:55: 
2020-06-27 04:57:55: SyntaxError: Unexpected token import
2020-06-27 04:57:55:     at createScript (vm.js:80:10)
2020-06-27 04:57:55:     at Object.runInThisContext (vm.js:139:10)
2020-06-27 04:57:55:     at Module._compile (module.js:607:28)
2020-06-27 04:57:55:     at Object.Module._extensions..js (module.js:654:10)
2020-06-27 04:57:55:     at Module.load (module.js:556:32)
2020-06-27 04:57:55:     at tryModuleLoad (module.js:499:12)
2020-06-27 04:57:55:     at Function.Module._load (module.js:491:3)
2020-06-27 04:57:55:     at Function.Module.runMain (module.js:684:10)
2020-06-27 04:57:55:     at startup (bootstrap_node.js:187:16)
2020-06-27 04:57:55:     at bootstrap_node.js:608:3
2020-06-27 04:57:55: /root/.nvm/versions/node/v10.21.0/lib/node_modules/pm2/lib/ProcessContainerFork.js:29
2020-06-27 04:57:55:     import(process.env.pm_exec_path);
2020-06-27 04:57:55:     ^^^^^^
2020-06-27 04:57:55: 
2020-06-27 04:57:55: SyntaxError: Unexpected token import
2020-06-27 04:57:55:     at createScript (vm.js:80:10)
2020-06-27 04:57:55:     at Object.runInThisContext (vm.js:139:10)
2020-06-27 04:57:55:     at Module._compile (module.js:607:28)
2020-06-27 04:57:55:     at Object.Module._extensions..js (module.js:654:10)
2020-06-27 04:57:55:     at Module.load (module.js:556:32)
2020-06-27 04:57:55:     at tryModuleLoad (module.js:499:12)
2020-06-27 04:57:55:     at Function.Module._load (module.js:491:3)
2020-06-27 04:57:55:     at Function.Module.runMain (module.js:684:10)
2020-06-27 04:57:55:     at startup (bootstrap_node.js:187:16)
2020-06-27 04:57:55:     at bootstrap_node.js:608:3
2020-06-27 04:57:55: /root/.nvm/versions/node/v10.21.0/lib/node_modules/pm2/lib/ProcessContainerFork.js:29
2020-06-27 04:57:55:     import(process.env.pm_exec_path);
2020-06-27 04:57:55:     ^^^^^^
2020-06-27 04:57:55: 
2020-06-27 04:57:55: SyntaxError: Unexpected token import
2020-06-27 04:57:55:     at createScript (vm.js:80:10)
2020-06-27 04:57:55:     at Object.runInThisContext (vm.js:139:10)
2020-06-27 04:57:55:     at Module._compile (module.js:607:28)
2020-06-27 04:57:55:     at Object.Module._extensions..js (module.js:654:10)
2020-06-27 04:57:55:     at Module.load (module.js:556:32)
2020-06-27 04:57:55:     at tryModuleLoad (module.js:499:12)
2020-06-27 04:57:55:     at Function.Module._load (module.js:491:3)
2020-06-27 04:57:55:     at Function.Module.runMain (module.js:684:10)
2020-06-27 04:57:55:     at startup (bootstrap_node.js:187:16)
2020-06-27 04:57:55:     at bootstrap_node.js:608:3
2020-06-27 04:57:55: /root/.nvm/versions/node/v10.21.0/lib/node_modules/pm2/lib/ProcessContainerFork.js:29
2020-06-27 04:57:55:     import(process.env.pm_exec_path);
2020-06-27 04:57:55:     ^^^^^^
2020-06-27 04:57:55: 
2020-06-27 04:57:55: SyntaxError: Unexpected token import
2020-06-27 04:57:55:     at createScript (vm.js:80:10)
2020-06-27 04:57:55:     at Object.runInThisContext (vm.js:139:10)
2020-06-27 04:57:55:     at Module._compile (module.js:607:28)
2020-06-27 04:57:55:     at Object.Module._extensions..js (module.js:654:10)
2020-06-27 04:57:55:     at Module.load (module.js:556:32)
2020-06-27 04:57:55:     at tryModuleLoad (module.js:499:12)
2020-06-27 04:57:55:     at Function.Module._load (module.js:491:3)
2020-06-27 04:57:55:     at Function.Module.runMain (module.js:684:10)
2020-06-27 04:57:55:     at startup (bootstrap_node.js:187:16)
2020-06-27 04:57:55:     at bootstrap_node.js:608:3
2020-06-27 04:57:55: /root/.nvm/versions/node/v10.21.0/lib/node_modules/pm2/lib/ProcessContainerFork.js:29
2020-06-27 04:57:55:     import(process.env.pm_exec_path);
2020-06-27 04:57:55:     ^^^^^^
2020-06-27 04:57:55: 
2020-06-27 04:57:55: SyntaxError: Unexpected token import
2020-06-27 04:57:55:     at createScript (vm.js:80:10)
2020-06-27 04:57:55:     at Object.runInThisContext (vm.js:139:10)
2020-06-27 04:57:55:     at Module._compile (module.js:607:28)
2020-06-27 04:57:55:     at Object.Module._extensions..js (module.js:654:10)
2020-06-27 04:57:55:     at Module.load (module.js:556:32)
2020-06-27 04:57:55:     at tryModuleLoad (module.js:499:12)
2020-06-27 04:57:55:     at Function.Module._load (module.js:491:3)
2020-06-27 04:57:55:     at Function.Module.runMain (module.js:684:10)
2020-06-27 04:57:55:     at startup (bootstrap_node.js:187:16)
2020-06-27 04:57:55:     at bootstrap_node.js:608:3
2020-06-27 04:57:55: /root/.nvm/versions/node/v10.21.0/lib/node_modules/pm2/lib/ProcessContainerFork.js:29
2020-06-27 04:57:55:     import(process.env.pm_exec_path);
2020-06-27 04:57:55:     ^^^^^^
2020-06-27 04:57:55: 
2020-06-27 04:57:55: SyntaxError: Unexpected token import
2020-06-27 04:57:55:     at createScript (vm.js:80:10)
2020-06-27 04:57:55:     at Object.runInThisContext (vm.js:139:10)
2020-06-27 04:57:55:     at Module._compile (module.js:607:28)
2020-06-27 04:57:55:     at Object.Module._extensions..js (module.js:654:10)
2020-06-27 04:57:55:     at Module.load (module.js:556:32)
2020-06-27 04:57:55:     at tryModuleLoad (module.js:499:12)
2020-06-27 04:57:55:     at Function.Module._load (module.js:491:3)
2020-06-27 04:57:55:     at Function.Module.runMain (module.js:684:10)
2020-06-27 04:57:55:     at startup (bootstrap_node.js:187:16)
2020-06-27 04:57:55:     at bootstrap_node.js:608:3
2020-06-27 04:57:55: /root/.nvm/versions/node/v10.21.0/lib/node_modules/pm2/lib/ProcessContainerFork.js:29
2020-06-27 04:57:55:     import(process.env.pm_exec_path);
2020-06-27 04:57:55:     ^^^^^^
2020-06-27 04:57:55: 
2020-06-27 04:57:55: SyntaxError: Unexpected token import
2020-06-27 04:57:55:     at createScript (vm.js:80:10)
2020-06-27 04:57:55:     at Object.runInThisContext (vm.js:139:10)
2020-06-27 04:57:55:     at Module._compile (module.js:607:28)
2020-06-27 04:57:55:     at Object.Module._extensions..js (module.js:654:10)
2020-06-27 04:57:55:     at Module.load (module.js:556:32)
2020-06-27 04:57:55:     at tryModuleLoad (module.js:499:12)
2020-06-27 04:57:55:     at Function.Module._load (module.js:491:3)
2020-06-27 04:57:55:     at Function.Module.runMain (module.js:684:10)
2020-06-27 04:57:55:     at startup (bootstrap_node.js:187:16)
2020-06-27 04:57:55:     at bootstrap_node.js:608:3
2020-06-27 04:57:56: /root/.nvm/versions/node/v10.21.0/lib/node_modules/pm2/lib/ProcessContainerFork.js:29
2020-06-27 04:57:56:     import(process.env.pm_exec_path);
2020-06-27 04:57:56:     ^^^^^^
2020-06-27 04:57:56: 
2020-06-27 04:57:56: SyntaxError: Unexpected token import
2020-06-27 04:57:56:     at createScript (vm.js:80:10)
2020-06-27 04:57:56:     at Object.runInThisContext (vm.js:139:10)
2020-06-27 04:57:56:     at Module._compile (module.js:607:28)
2020-06-27 04:57:56:     at Object.Module._extensions..js (module.js:654:10)
2020-06-27 04:57:56:     at Module.load (module.js:556:32)
2020-06-27 04:57:56:     at tryModuleLoad (module.js:499:12)
2020-06-27 04:57:56:     at Function.Module._load (module.js:491:3)
2020-06-27 04:57:56:     at Function.Module.runMain (module.js:684:10)
2020-06-27 04:57:56:     at startup (bootstrap_node.js:187:16)
2020-06-27 04:57:56:     at bootstrap_node.js:608:3
2020-06-27 04:57:56: /root/.nvm/versions/node/v10.21.0/lib/node_modules/pm2/lib/ProcessContainerFork.js:29
2020-06-27 04:57:56:     import(process.env.pm_exec_path);
2020-06-27 04:57:56:     ^^^^^^
2020-06-27 04:57:56: 
2020-06-27 04:57:56: SyntaxError: Unexpected token import
2020-06-27 04:57:56:     at createScript (vm.js:80:10)
2020-06-27 04:57:56:     at Object.runInThisContext (vm.js:139:10)
2020-06-27 04:57:56:     at Module._compile (module.js:607:28)
2020-06-27 04:57:56:     at Object.Module._extensions..js (module.js:654:10)
2020-06-27 04:57:56:     at Module.load (module.js:556:32)
2020-06-27 04:57:56:     at tryModuleLoad (module.js:499:12)
2020-06-27 04:57:56:     at Function.Module._load (module.js:491:3)
2020-06-27 04:57:56:     at Function.Module.runMain (module.js:684:10)
2020-06-27 04:57:56:     at startup (bootstrap_node.js:187:16)
2020-06-27 04:57:56:     at bootstrap_node.js:608:3
2020-06-27 04:57:56: /root/.nvm/versions/node/v10.21.0/lib/node_modules/pm2/lib/ProcessContainerFork.js:29
2020-06-27 04:57:56:     import(process.env.pm_exec_path);
2020-06-27 04:57:56:     ^^^^^^
2020-06-27 04:57:56: 
2020-06-27 04:57:56: SyntaxError: Unexpected token import
2020-06-27 04:57:56:     at createScript (vm.js:80:10)
2020-06-27 04:57:56:     at Object.runInThisContext (vm.js:139:10)
2020-06-27 04:57:56:     at Module._compile (module.js:607:28)
2020-06-27 04:57:56:     at Object.Module._extensions..js (module.js:654:10)
2020-06-27 04:57:56:     at Module.load (module.js:556:32)
2020-06-27 04:57:56:     at tryModuleLoad (module.js:499:12)
2020-06-27 04:57:56:     at Function.Module._load (module.js:491:3)
2020-06-27 04:57:56:     at Function.Module.runMain (module.js:684:10)
2020-06-27 04:57:56:     at startup (bootstrap_node.js:187:16)
2020-06-27 04:57:56:     at bootstrap_node.js:608:3
2020-06-27 04:57:56: /root/.nvm/versions/node/v10.21.0/lib/node_modules/pm2/lib/ProcessContainerFork.js:29
2020-06-27 04:57:56:     import(process.env.pm_exec_path);
2020-06-27 04:57:56:     ^^^^^^
2020-06-27 04:57:56: 
2020-06-27 04:57:56: SyntaxError: Unexpected token import
2020-06-27 04:57:56:     at createScript (vm.js:80:10)
2020-06-27 04:57:56:     at Object.runInThisContext (vm.js:139:10)
2020-06-27 04:57:56:     at Module._compile (module.js:607:28)
2020-06-27 04:57:56:     at Object.Module._extensions..js (module.js:654:10)
2020-06-27 04:57:56:     at Module.load (module.js:556:32)
2020-06-27 04:57:56:     at tryModuleLoad (module.js:499:12)
2020-06-27 04:57:56:     at Function.Module._load (module.js:491:3)
2020-06-27 04:57:56:     at Function.Module.runMain (module.js:684:10)
2020-06-27 04:57:56:     at startup (bootstrap_node.js:187:16)
2020-06-27 04:57:56:     at bootstrap_node.js:608:3
2020-06-27 04:57:56: /root/.nvm/versions/node/v10.21.0/lib/node_modules/pm2/lib/ProcessContainerFork.js:29
2020-06-27 04:57:56:     import(process.env.pm_exec_path);
2020-06-27 04:57:56:     ^^^^^^
2020-06-27 04:57:56: 
2020-06-27 04:57:56: SyntaxError: Unexpected token import
2020-06-27 04:57:56:     at createScript (vm.js:80:10)
2020-06-27 04:57:56:     at Object.runInThisContext (vm.js:139:10)
2020-06-27 04:57:56:     at Module._compile (module.js:607:28)
2020-06-27 04:57:56:     at Object.Module._extensions..js (module.js:654:10)
2020-06-27 04:57:56:     at Module.load (module.js:556:32)
2020-06-27 04:57:56:     at tryModuleLoad (module.js:499:12)
2020-06-27 04:57:56:     at Function.Module._load (module.js:491:3)
2020-06-27 04:57:56:     at Function.Module.runMain (module.js:684:10)
2020-06-27 04:57:56:     at startup (bootstrap_node.js:187:16)
2020-06-27 04:57:56:     at bootstrap_node.js:608:3
2020-06-27 04:58:05: /root/.nvm/versions/node/v10.21.0/lib/node_modules/pm2/lib/ProcessContainerFork.js:29
2020-06-27 04:58:05:     import(process.env.pm_exec_path);
2020-06-27 04:58:05:     ^^^^^^
2020-06-27 04:58:05: 
2020-06-27 04:58:05: SyntaxError: Unexpected token import
2020-06-27 04:58:05:     at createScript (vm.js:80:10)
2020-06-27 04:58:05:     at Object.runInThisContext (vm.js:139:10)
2020-06-27 04:58:05:     at Module._compile (module.js:607:28)
2020-06-27 04:58:05:     at Object.Module._extensions..js (module.js:654:10)
2020-06-27 04:58:05:     at Module.load (module.js:556:32)
2020-06-27 04:58:05:     at tryModuleLoad (module.js:499:12)
2020-06-27 04:58:05:     at Function.Module._load (module.js:491:3)
2020-06-27 04:58:05:     at Function.Module.runMain (module.js:684:10)
2020-06-27 04:58:05:     at startup (bootstrap_node.js:187:16)
2020-06-27 04:58:05:     at bootstrap_node.js:608:3
2020-06-27 04:58:05: /root/.nvm/versions/node/v10.21.0/lib/node_modules/pm2/lib/ProcessContainerFork.js:29
2020-06-27 04:58:05:     import(process.env.pm_exec_path);
2020-06-27 04:58:05:     ^^^^^^
2020-06-27 04:58:05: 
2020-06-27 04:58:05: SyntaxError: Unexpected token import
2020-06-27 04:58:05:     at createScript (vm.js:80:10)
2020-06-27 04:58:05:     at Object.runInThisContext (vm.js:139:10)
2020-06-27 04:58:05:     at Module._compile (module.js:607:28)
2020-06-27 04:58:05:     at Object.Module._extensions..js (module.js:654:10)
2020-06-27 04:58:05:     at Module.load (module.js:556:32)
2020-06-27 04:58:05:     at tryModuleLoad (module.js:499:12)
2020-06-27 04:58:05:     at Function.Module._load (module.js:491:3)
2020-06-27 04:58:05:     at Function.Module.runMain (module.js:684:10)
2020-06-27 04:58:05:     at startup (bootstrap_node.js:187:16)
2020-06-27 04:58:05:     at bootstrap_node.js:608:3
2020-06-27 04:58:05: /root/.nvm/versions/node/v10.21.0/lib/node_modules/pm2/lib/ProcessContainerFork.js:29
2020-06-27 04:58:05:     import(process.env.pm_exec_path);
2020-06-27 04:58:05:     ^^^^^^
2020-06-27 04:58:05: 
2020-06-27 04:58:05: SyntaxError: Unexpected token import
2020-06-27 04:58:05:     at createScript (vm.js:80:10)
2020-06-27 04:58:05:     at Object.runInThisContext (vm.js:139:10)
2020-06-27 04:58:05:     at Module._compile (module.js:607:28)
2020-06-27 04:58:05:     at Object.Module._extensions..js (module.js:654:10)
2020-06-27 04:58:05:     at Module.load (module.js:556:32)
2020-06-27 04:58:05:     at tryModuleLoad (module.js:499:12)
2020-06-27 04:58:05:     at Function.Module._load (module.js:491:3)
2020-06-27 04:58:05:     at Function.Module.runMain (module.js:684:10)
2020-06-27 04:58:05:     at startup (bootstrap_node.js:187:16)
2020-06-27 04:58:05:     at bootstrap_node.js:608:3
2020-06-27 04:58:05: /root/.nvm/versions/node/v10.21.0/lib/node_modules/pm2/lib/ProcessContainerFork.js:29
2020-06-27 04:58:05:     import(process.env.pm_exec_path);
2020-06-27 04:58:05:     ^^^^^^
2020-06-27 04:58:05: 
2020-06-27 04:58:05: SyntaxError: Unexpected token import
2020-06-27 04:58:05:     at createScript (vm.js:80:10)
2020-06-27 04:58:05:     at Object.runInThisContext (vm.js:139:10)
2020-06-27 04:58:05:     at Module._compile (module.js:607:28)
2020-06-27 04:58:05:     at Object.Module._extensions..js (module.js:654:10)
2020-06-27 04:58:05:     at Module.load (module.js:556:32)
2020-06-27 04:58:05:     at tryModuleLoad (module.js:499:12)
2020-06-27 04:58:05:     at Function.Module._load (module.js:491:3)
2020-06-27 04:58:05:     at Function.Module.runMain (module.js:684:10)
2020-06-27 04:58:05:     at startup (bootstrap_node.js:187:16)
2020-06-27 04:58:05:     at bootstrap_node.js:608:3
2020-06-27 04:58:05: /root/.nvm/versions/node/v10.21.0/lib/node_modules/pm2/lib/ProcessContainerFork.js:29
2020-06-27 04:58:05:     import(process.env.pm_exec_path);
2020-06-27 04:58:05:     ^^^^^^
2020-06-27 04:58:05: 
2020-06-27 04:58:05: SyntaxError: Unexpected token import
2020-06-27 04:58:05:     at createScript (vm.js:80:10)
2020-06-27 04:58:05:     at Object.runInThisContext (vm.js:139:10)
2020-06-27 04:58:05:     at Module._compile (module.js:607:28)
2020-06-27 04:58:05:     at Object.Module._extensions..js (module.js:654:10)
2020-06-27 04:58:05:     at Module.load (module.js:556:32)
2020-06-27 04:58:05:     at tryModuleLoad (module.js:499:12)
2020-06-27 04:58:05:     at Function.Module._load (module.js:491:3)
2020-06-27 04:58:05:     at Function.Module.runMain (module.js:684:10)
2020-06-27 04:58:05:     at startup (bootstrap_node.js:187:16)
2020-06-27 04:58:05:     at bootstrap_node.js:608:3
2020-06-27 04:58:05: /root/.nvm/versions/node/v10.21.0/lib/node_modules/pm2/lib/ProcessContainerFork.js:29
2020-06-27 04:58:05:     import(process.env.pm_exec_path);
2020-06-27 04:58:05:     ^^^^^^
2020-06-27 04:58:05: 
2020-06-27 04:58:05: SyntaxError: Unexpected token import
2020-06-27 04:58:05:     at createScript (vm.js:80:10)
2020-06-27 04:58:05:     at Object.runInThisContext (vm.js:139:10)
2020-06-27 04:58:05:     at Module._compile (module.js:607:28)
2020-06-27 04:58:05:     at Object.Module._extensions..js (module.js:654:10)
2020-06-27 04:58:05:     at Module.load (module.js:556:32)
2020-06-27 04:58:05:     at tryModuleLoad (module.js:499:12)
2020-06-27 04:58:05:     at Function.Module._load (module.js:491:3)
2020-06-27 04:58:05:     at Function.Module.runMain (module.js:684:10)
2020-06-27 04:58:05:     at startup (bootstrap_node.js:187:16)
2020-06-27 04:58:05:     at bootstrap_node.js:608:3
2020-06-27 04:58:06: /root/.nvm/versions/node/v10.21.0/lib/node_modules/pm2/lib/ProcessContainerFork.js:29
2020-06-27 04:58:06:     import(process.env.pm_exec_path);
2020-06-27 04:58:06:     ^^^^^^
2020-06-27 04:58:06: 
2020-06-27 04:58:06: SyntaxError: Unexpected token import
2020-06-27 04:58:06:     at createScript (vm.js:80:10)
2020-06-27 04:58:06:     at Object.runInThisContext (vm.js:139:10)
2020-06-27 04:58:06:     at Module._compile (module.js:607:28)
2020-06-27 04:58:06:     at Object.Module._extensions..js (module.js:654:10)
2020-06-27 04:58:06:     at Module.load (module.js:556:32)
2020-06-27 04:58:06:     at tryModuleLoad (module.js:499:12)
2020-06-27 04:58:06:     at Function.Module._load (module.js:491:3)
2020-06-27 04:58:06:     at Function.Module.runMain (module.js:684:10)
2020-06-27 04:58:06:     at startup (bootstrap_node.js:187:16)
2020-06-27 04:58:06:     at bootstrap_node.js:608:3
2020-06-27 04:58:06: /root/.nvm/versions/node/v10.21.0/lib/node_modules/pm2/lib/ProcessContainerFork.js:29
2020-06-27 04:58:06:     import(process.env.pm_exec_path);
2020-06-27 04:58:06:     ^^^^^^
2020-06-27 04:58:06: 
2020-06-27 04:58:06: SyntaxError: Unexpected token import
2020-06-27 04:58:06:     at createScript (vm.js:80:10)
2020-06-27 04:58:06:     at Object.runInThisContext (vm.js:139:10)
2020-06-27 04:58:06:     at Module._compile (module.js:607:28)
2020-06-27 04:58:06:     at Object.Module._extensions..js (module.js:654:10)
2020-06-27 04:58:06:     at Module.load (module.js:556:32)
2020-06-27 04:58:06:     at tryModuleLoad (module.js:499:12)
2020-06-27 04:58:06:     at Function.Module._load (module.js:491:3)
2020-06-27 04:58:06:     at Function.Module.runMain (module.js:684:10)
2020-06-27 04:58:06:     at startup (bootstrap_node.js:187:16)
2020-06-27 04:58:06:     at bootstrap_node.js:608:3
2020-06-27 04:58:06: /root/.nvm/versions/node/v10.21.0/lib/node_modules/pm2/lib/ProcessContainerFork.js:29
2020-06-27 04:58:06:     import(process.env.pm_exec_path);
2020-06-27 04:58:06:     ^^^^^^
2020-06-27 04:58:06: 
2020-06-27 04:58:06: SyntaxError: Unexpected token import
2020-06-27 04:58:06:     at createScript (vm.js:80:10)
2020-06-27 04:58:06:     at Object.runInThisContext (vm.js:139:10)
2020-06-27 04:58:06:     at Module._compile (module.js:607:28)
2020-06-27 04:58:06:     at Object.Module._extensions..js (module.js:654:10)
2020-06-27 04:58:06:     at Module.load (module.js:556:32)
2020-06-27 04:58:06:     at tryModuleLoad (module.js:499:12)
2020-06-27 04:58:06:     at Function.Module._load (module.js:491:3)
2020-06-27 04:58:06:     at Function.Module.runMain (module.js:684:10)
2020-06-27 04:58:06:     at startup (bootstrap_node.js:187:16)
2020-06-27 04:58:06:     at bootstrap_node.js:608:3
2020-06-27 04:58:06: /root/.nvm/versions/node/v10.21.0/lib/node_modules/pm2/lib/ProcessContainerFork.js:29
2020-06-27 04:58:06:     import(process.env.pm_exec_path);
2020-06-27 04:58:06:     ^^^^^^
2020-06-27 04:58:06: 
2020-06-27 04:58:06: SyntaxError: Unexpected token import
2020-06-27 04:58:06:     at createScript (vm.js:80:10)
2020-06-27 04:58:06:     at Object.runInThisContext (vm.js:139:10)
2020-06-27 04:58:06:     at Module._compile (module.js:607:28)
2020-06-27 04:58:06:     at Object.Module._extensions..js (module.js:654:10)
2020-06-27 04:58:06:     at Module.load (module.js:556:32)
2020-06-27 04:58:06:     at tryModuleLoad (module.js:499:12)
2020-06-27 04:58:06:     at Function.Module._load (module.js:491:3)
2020-06-27 04:58:06:     at Function.Module.runMain (module.js:684:10)
2020-06-27 04:58:06:     at startup (bootstrap_node.js:187:16)
2020-06-27 04:58:06:     at bootstrap_node.js:608:3
2020-06-27 04:58:06: /root/.nvm/versions/node/v10.21.0/lib/node_modules/pm2/lib/ProcessContainerFork.js:29
2020-06-27 04:58:06:     import(process.env.pm_exec_path);
2020-06-27 04:58:06:     ^^^^^^
2020-06-27 04:58:06: 
2020-06-27 04:58:06: SyntaxError: Unexpected token import
2020-06-27 04:58:06:     at createScript (vm.js:80:10)
2020-06-27 04:58:06:     at Object.runInThisContext (vm.js:139:10)
2020-06-27 04:58:06:     at Module._compile (module.js:607:28)
2020-06-27 04:58:06:     at Object.Module._extensions..js (module.js:654:10)
2020-06-27 04:58:06:     at Module.load (module.js:556:32)
2020-06-27 04:58:06:     at tryModuleLoad (module.js:499:12)
2020-06-27 04:58:06:     at Function.Module._load (module.js:491:3)
2020-06-27 04:58:06:     at Function.Module.runMain (module.js:684:10)
2020-06-27 04:58:06:     at startup (bootstrap_node.js:187:16)
2020-06-27 04:58:06:     at bootstrap_node.js:608:3
2020-06-27 04:58:06: /root/.nvm/versions/node/v10.21.0/lib/node_modules/pm2/lib/ProcessContainerFork.js:29
2020-06-27 04:58:06:     import(process.env.pm_exec_path);
2020-06-27 04:58:06:     ^^^^^^
2020-06-27 04:58:06: 
2020-06-27 04:58:06: SyntaxError: Unexpected token import
2020-06-27 04:58:06:     at createScript (vm.js:80:10)
2020-06-27 04:58:06:     at Object.runInThisContext (vm.js:139:10)
2020-06-27 04:58:06:     at Module._compile (module.js:607:28)
2020-06-27 04:58:06:     at Object.Module._extensions..js (module.js:654:10)
2020-06-27 04:58:06:     at Module.load (module.js:556:32)
2020-06-27 04:58:06:     at tryModuleLoad (module.js:499:12)
2020-06-27 04:58:06:     at Function.Module._load (module.js:491:3)
2020-06-27 04:58:06:     at Function.Module.runMain (module.js:684:10)
2020-06-27 04:58:06:     at startup (bootstrap_node.js:187:16)
2020-06-27 04:58:06:     at bootstrap_node.js:608:3
2020-06-27 04:58:06: /root/.nvm/versions/node/v10.21.0/lib/node_modules/pm2/lib/ProcessContainerFork.js:29
2020-06-27 04:58:06:     import(process.env.pm_exec_path);
2020-06-27 04:58:06:     ^^^^^^
2020-06-27 04:58:06: 
2020-06-27 04:58:06: SyntaxError: Unexpected token import
2020-06-27 04:58:06:     at createScript (vm.js:80:10)
2020-06-27 04:58:06:     at Object.runInThisContext (vm.js:139:10)
2020-06-27 04:58:06:     at Module._compile (module.js:607:28)
2020-06-27 04:58:06:     at Object.Module._extensions..js (module.js:654:10)
2020-06-27 04:58:06:     at Module.load (module.js:556:32)
2020-06-27 04:58:06:     at tryModuleLoad (module.js:499:12)
2020-06-27 04:58:06:     at Function.Module._load (module.js:491:3)
2020-06-27 04:58:06:     at Function.Module.runMain (module.js:684:10)
2020-06-27 04:58:06:     at startup (bootstrap_node.js:187:16)
2020-06-27 04:58:06:     at bootstrap_node.js:608:3
2020-06-27 04:58:06: /root/.nvm/versions/node/v10.21.0/lib/node_modules/pm2/lib/ProcessContainerFork.js:29
2020-06-27 04:58:06:     import(process.env.pm_exec_path);
2020-06-27 04:58:06:     ^^^^^^
2020-06-27 04:58:06: 
2020-06-27 04:58:06: SyntaxError: Unexpected token import
2020-06-27 04:58:06:     at createScript (vm.js:80:10)
2020-06-27 04:58:06:     at Object.runInThisContext (vm.js:139:10)
2020-06-27 04:58:06:     at Module._compile (module.js:607:28)
2020-06-27 04:58:06:     at Object.Module._extensions..js (module.js:654:10)
2020-06-27 04:58:06:     at Module.load (module.js:556:32)
2020-06-27 04:58:06:     at tryModuleLoad (module.js:499:12)
2020-06-27 04:58:06:     at Function.Module._load (module.js:491:3)
2020-06-27 04:58:06:     at Function.Module.runMain (module.js:684:10)
2020-06-27 04:58:06:     at startup (bootstrap_node.js:187:16)
2020-06-27 04:58:06:     at bootstrap_node.js:608:3
2020-06-27 04:58:06: /root/.nvm/versions/node/v10.21.0/lib/node_modules/pm2/lib/ProcessContainerFork.js:29
2020-06-27 04:58:06:     import(process.env.pm_exec_path);
2020-06-27 04:58:06:     ^^^^^^
2020-06-27 04:58:06: 
2020-06-27 04:58:06: SyntaxError: Unexpected token import
2020-06-27 04:58:06:     at createScript (vm.js:80:10)
2020-06-27 04:58:06:     at Object.runInThisContext (vm.js:139:10)
2020-06-27 04:58:06:     at Module._compile (module.js:607:28)
2020-06-27 04:58:06:     at Object.Module._extensions..js (module.js:654:10)
2020-06-27 04:58:06:     at Module.load (module.js:556:32)
2020-06-27 04:58:06:     at tryModuleLoad (module.js:499:12)
2020-06-27 04:58:06:     at Function.Module._load (module.js:491:3)
2020-06-27 04:58:06:     at Function.Module.runMain (module.js:684:10)
2020-06-27 04:58:06:     at startup (bootstrap_node.js:187:16)
2020-06-27 04:58:06:     at bootstrap_node.js:608:3
2020-06-27 04:58:07: /root/.nvm/versions/node/v10.21.0/lib/node_modules/pm2/lib/ProcessContainerFork.js:29
2020-06-27 04:58:07:     import(process.env.pm_exec_path);
2020-06-27 04:58:07:     ^^^^^^
2020-06-27 04:58:07: 
2020-06-27 04:58:07: SyntaxError: Unexpected token import
2020-06-27 04:58:07:     at createScript (vm.js:80:10)
2020-06-27 04:58:07:     at Object.runInThisContext (vm.js:139:10)
2020-06-27 04:58:07:     at Module._compile (module.js:607:28)
2020-06-27 04:58:07:     at Object.Module._extensions..js (module.js:654:10)
2020-06-27 04:58:07:     at Module.load (module.js:556:32)
2020-06-27 04:58:07:     at tryModuleLoad (module.js:499:12)
2020-06-27 04:58:07:     at Function.Module._load (module.js:491:3)
2020-06-27 04:58:07:     at Function.Module.runMain (module.js:684:10)
2020-06-27 04:58:07:     at startup (bootstrap_node.js:187:16)
2020-06-27 04:58:07:     at bootstrap_node.js:608:3
