2020-06-26 01:19:58: Executing (default): CREATE TABLE IF NOT EXISTS `user` (`id` INTEGER auto_increment , `name` VARCHAR(255) NOT NULL, `email` VARCHAR(255), `password` VARCHAR(255) NOT NULL, `createdAt` DATETIME, `updatedAt` DATETIME, PRIMARY KEY (`id`)) ENGINE=InnoDB;
2020-06-26 01:19:58: Executing (default): CREATE TABLE IF NOT EXISTS `article` (`id` INTEGER auto_increment , `title` VARCHAR(255) NOT NULL, `author` VARCHAR(255) NOT NULL, `content` TEXT NOT NULL, `category` VARCHAR(255) NOT NULL, `createdAt` DATETIME, `updatedAt` DATETIME, PRIMARY KEY (`id`)) ENGINE=InnoDB;
2020-06-26 01:19:58: Executing (default): SHOW INDEX FROM `user`
2020-06-26 01:19:58: Executing (default): SHOW INDEX FROM `article`
2020-06-26 01:20:28:   <-- GET /api/v1/novel/novelSearch?xsname=%E6%97%A0%E4%BA%BA%E7%94%9F%E8%BF%98
2020-06-26 01:20:30: GET /api/v1/novel/novelSearch?xsname=%E6%97%A0%E4%BA%BA%E7%94%9F%E8%BF%98 - 1517ms
2020-06-26 01:20:30:   --> GET /api/v1/novel/novelSearch?xsname=%E6%97%A0%E4%BA%BA%E7%94%9F%E8%BF%98 200 1,530ms 849b
2020-06-26 01:20:30:   <-- GET /favicon.ico
2020-06-26 01:20:30: GET /favicon.ico - 0ms
2020-06-26 01:20:30:   --> GET /favicon.ico 404 3ms -
2020-06-26 07:25:17:   <-- GET /
2020-06-26 07:25:17: GET / - 1ms
2020-06-26 07:25:17:   --> GET / 404 7ms -
2020-06-26 07:25:17:   <-- GET /
2020-06-26 07:25:17: GET / - 1ms
2020-06-26 07:25:17:   --> GET / 404 2ms -
2020-06-26 07:26:42:   <-- GET /
2020-06-26 07:26:42: GET / - 0ms
2020-06-26 07:26:42:   --> GET / 404 1ms -
2020-06-27 00:34:12:   <-- GET /api/v1/novel/novelSearch?xsname=%E6%97%A0%E4%BA%BA%E7%94%9F%E8%BF%98
2020-06-27 00:34:14: GET /api/v1/novel/novelSearch?xsname=%E6%97%A0%E4%BA%BA%E7%94%9F%E8%BF%98 - 1251ms
2020-06-27 00:34:14:   --> GET /api/v1/novel/novelSearch?xsname=%E6%97%A0%E4%BA%BA%E7%94%9F%E8%BF%98 200 1,261ms 849b
2020-06-27 00:34:15:   <-- GET /favicon.ico
2020-06-27 00:34:15: GET /favicon.ico - 1ms
2020-06-27 00:34:15:   --> GET /favicon.ico 404 3ms -
2020-06-27 00:36:29:   <-- GET /api/v1/novel/novelSearch?xsname=%E6%97%A0%E4%BA%BA%E7%94%9F%E8%BF%98
2020-06-27 00:36:30: GET /api/v1/novel/novelSearch?xsname=%E6%97%A0%E4%BA%BA%E7%94%9F%E8%BF%98 - 1129ms
2020-06-27 00:36:30:   --> GET /api/v1/novel/novelSearch?xsname=%E6%97%A0%E4%BA%BA%E7%94%9F%E8%BF%98 200 1,132ms 849b
2020-06-27 00:36:56:   <-- GET /api/v1/novel/novelSearch?xsname=%E6%97%A0%E4%BA%BA%E7%94%9F%E8%BF%98
2020-06-27 00:36:57: GET /api/v1/novel/novelSearch?xsname=%E6%97%A0%E4%BA%BA%E7%94%9F%E8%BF%98 - 670ms
2020-06-27 00:36:57:   --> GET /api/v1/novel/novelSearch?xsname=%E6%97%A0%E4%BA%BA%E7%94%9F%E8%BF%98 200 673ms 849b
2020-06-27 00:39:26:   <-- GET /api/v1/novel/novelSearch?xsname=%E6%97%A0%E4%BA%BA%E7%94%9F%E8%BF%98
2020-06-27 00:39:27: GET /api/v1/novel/novelSearch?xsname=%E6%97%A0%E4%BA%BA%E7%94%9F%E8%BF%98 - 713ms
2020-06-27 00:39:28:   <-- GET /api/v1/novel/novelSearch?xsname=%E6%97%A0%E4%BA%BA%E7%94%9F%E8%BF%98
2020-06-27 00:39:28: GET /api/v1/novel/novelSearch?xsname=%E6%97%A0%E4%BA%BA%E7%94%9F%E8%BF%98 - 701ms
2020-06-27 00:39:28:   --> GET /api/v1/novel/novelSearch?xsname=%E6%97%A0%E4%BA%BA%E7%94%9F%E8%BF%98 200 703ms 849b
2020-06-27 00:49:28:   <-- GET /api/v1/novel/novelSearch?xsname=%E6%97%A0%E4%BA%BA%E7%94%9F%E8%BF%98
2020-06-27 00:49:29: GET /api/v1/novel/novelSearch?xsname=%E6%97%A0%E4%BA%BA%E7%94%9F%E8%BF%98 - 937ms
2020-06-27 00:49:29:   --> GET /api/v1/novel/novelSearch?xsname=%E6%97%A0%E4%BA%BA%E7%94%9F%E8%BF%98 200 939ms 849b
2020-06-27 00:49:32:   <-- GET /api/v1/novel/novelSearch?xsname=%E6%97%A0%E4%BA%BA%E7%94%9F%E8%BF%98
2020-06-27 00:49:33: GET /api/v1/novel/novelSearch?xsname=%E6%97%A0%E4%BA%BA%E7%94%9F%E8%BF%98 - 772ms
2020-06-27 00:49:33:   --> GET /api/v1/novel/novelSearch?xsname=%E6%97%A0%E4%BA%BA%E7%94%9F%E8%BF%98 200 774ms 849b
2020-06-27 00:49:39:   <-- GET /api/v1/novel/novelSearch?xsname=%E6%97%A0%E4%BA%BA%E7%94%9F%E8%BF%98
2020-06-27 00:49:40: GET /api/v1/novel/novelSearch?xsname=%E6%97%A0%E4%BA%BA%E7%94%9F%E8%BF%98 - 753ms
2020-06-27 00:49:40:   --> GET /api/v1/novel/novelSearch?xsname=%E6%97%A0%E4%BA%BA%E7%94%9F%E8%BF%98 200 756ms 849b
2020-06-27 00:50:03:   <-- GET /api/v1/novel/novelSearch?xsname=%E6%97%A0%E4%BA%BA%E7%94%9F%E8%BF%98
2020-06-27 00:50:04: GET /api/v1/novel/novelSearch?xsname=%E6%97%A0%E4%BA%BA%E7%94%9F%E8%BF%98 - 764ms
2020-06-27 00:50:04:   --> GET /api/v1/novel/novelSearch?xsname=%E6%97%A0%E4%BA%BA%E7%94%9F%E8%BF%98 200 766ms 849b
2020-06-27 00:50:37:   <-- GET /api/v1/novel/novelSearch?xsname=%E6%97%A0%E4%BA%BA%E7%94%9F%E8%BF%98
2020-06-27 00:50:40: GET /api/v1/novel/novelSearch?xsname=%E6%97%A0%E4%BA%BA%E7%94%9F%E8%BF%98 - 2637ms
2020-06-27 00:50:40:   <-- GET /api/v1/novel/novelSearch?xsname=%E6%97%A0%E4%BA%BA%E7%94%9F%E8%BF%98
2020-06-27 00:50:41: GET /api/v1/novel/novelSearch?xsname=%E6%97%A0%E4%BA%BA%E7%94%9F%E8%BF%98 - 660ms
2020-06-27 00:50:41:   --> GET /api/v1/novel/novelSearch?xsname=%E6%97%A0%E4%BA%BA%E7%94%9F%E8%BF%98 200 662ms 849b
2020-06-27 00:50:49:   <-- GET /api/v1/novel/novelSearch?xsname=%E6%97%A0%E4%BA%BA%E7%94%9F%E8%BF%98
2020-06-27 00:50:50: GET /api/v1/novel/novelSearch?xsname=%E6%97%A0%E4%BA%BA%E7%94%9F%E8%BF%98 - 705ms
2020-06-27 00:50:50:   --> GET /api/v1/novel/novelSearch?xsname=%E6%97%A0%E4%BA%BA%E7%94%9F%E8%BF%98 200 707ms 849b
2020-06-27 00:59:17:   <-- GET /api/v1/novel/novelSearch?xsname=%E6%97%A0%E4%BA%BA%E7%94%9F%E8%BF%98
2020-06-27 00:59:18: GET /api/v1/novel/novelSearch?xsname=%E6%97%A0%E4%BA%BA%E7%94%9F%E8%BF%98 - 795ms
2020-06-27 00:59:18:   --> GET /api/v1/novel/novelSearch?xsname=%E6%97%A0%E4%BA%BA%E7%94%9F%E8%BF%98 200 797ms 849b
2020-06-27 01:02:37:   <-- GET /api/v1/novel/novelSearch?xsname=%E6%97%A0%E4%BA%BA%E7%94%9F%E8%BF%98
2020-06-27 01:02:38: GET /api/v1/novel/novelSearch?xsname=%E6%97%A0%E4%BA%BA%E7%94%9F%E8%BF%98 - 913ms
2020-06-27 01:02:38:   --> GET /api/v1/novel/novelSearch?xsname=%E6%97%A0%E4%BA%BA%E7%94%9F%E8%BF%98 200 915ms 849b
2020-06-27 01:02:52:   <-- GET /api/v1/novel/novelSearch?xsname=%E6%97%A0%E4%BA%BA%E7%94%9F%E8%BF%98
2020-06-27 01:02:56: GET /api/v1/novel/novelSearch?xsname=%E6%97%A0%E4%BA%BA%E7%94%9F%E8%BF%98 - 4127ms
2020-06-27 01:02:56:   --> GET /api/v1/novel/novelSearch?xsname=%E6%97%A0%E4%BA%BA%E7%94%9F%E8%BF%98 200 4,129ms 849b
2020-06-27 01:04:05:   <-- GET /api/v1/novel/novelSearch?xsname=%E6%97%A0%E4%BA%BA%E7%94%9F%E8%BF%98
2020-06-27 01:04:06: GET /api/v1/novel/novelSearch?xsname=%E6%97%A0%E4%BA%BA%E7%94%9F%E8%BF%98 - 776ms
2020-06-27 01:04:06:   --> GET /api/v1/novel/novelSearch?xsname=%E6%97%A0%E4%BA%BA%E7%94%9F%E8%BF%98 200 777ms 849b
2020-06-27 01:08:01:   <-- GET /api/v1/novel/novelSearch?xsname=%E6%97%A0%E4%BA%BA%E7%94%9F%E8%BF%98
2020-06-27 01:08:02: GET /api/v1/novel/novelSearch?xsname=%E6%97%A0%E4%BA%BA%E7%94%9F%E8%BF%98 - 800ms
2020-06-27 01:08:02:   --> GET /api/v1/novel/novelSearch?xsname=%E6%97%A0%E4%BA%BA%E7%94%9F%E8%BF%98 200 803ms 849b
2020-06-27 01:09:54:   <-- GET /api/v1/novel/novelSearch?xsname=%E6%97%A0%E4%BA%BA%E7%94%9F%E8%BF%98
2020-06-27 01:09:55: GET /api/v1/novel/novelSearch?xsname=%E6%97%A0%E4%BA%BA%E7%94%9F%E8%BF%98 - 807ms
2020-06-27 01:09:55:   --> GET /api/v1/novel/novelSearch?xsname=%E6%97%A0%E4%BA%BA%E7%94%9F%E8%BF%98 200 809ms 849b
2020-06-27 01:14:09:   <-- GET /api/v1/novel/novelSearch?xsname=%E6%97%A0%E4%BA%BA%E7%94%9F%E8%BF%98
2020-06-27 01:14:10: GET /api/v1/novel/novelSearch?xsname=%E6%97%A0%E4%BA%BA%E7%94%9F%E8%BF%98 - 1205ms
2020-06-27 01:14:10:   --> GET /api/v1/novel/novelSearch?xsname=%E6%97%A0%E4%BA%BA%E7%94%9F%E8%BF%98 200 1,207ms 849b
2020-06-27 01:14:34:   <-- GET /api/v1/novel/novelSearch?xsname=%E6%97%A0%E4%BA%BA%E7%94%9F%E8%BF%98
2020-06-27 01:14:36: GET /api/v1/novel/novelSearch?xsname=%E6%97%A0%E4%BA%BA%E7%94%9F%E8%BF%98 - 2361ms
2020-06-27 01:14:36:   --> GET /api/v1/novel/novelSearch?xsname=%E6%97%A0%E4%BA%BA%E7%94%9F%E8%BF%98 200 2,362ms 849b
2020-06-27 01:14:41:   <-- GET /api/v1/novel/novelSearch?xsname=%E6%97%A0%E4%BA%BA%E7%94%9F%E8%BF%98
2020-06-27 01:14:45: GET /api/v1/novel/novelSearch?xsname=%E6%97%A0%E4%BA%BA%E7%94%9F%E8%BF%98 - 4282ms
2020-06-27 01:14:45:   --> GET /api/v1/novel/novelSearch?xsname=%E6%97%A0%E4%BA%BA%E7%94%9F%E8%BF%98 200 4,285ms 849b
2020-06-27 01:20:37:   <-- GET /api/v1/novel/novelSearch?xsname=%E6%97%A0%E4%BA%BA%E7%94%9F%E8%BF%98
2020-06-27 01:20:37: GET /api/v1/novel/novelSearch?xsname=%E6%97%A0%E4%BA%BA%E7%94%9F%E8%BF%98 - 727ms
2020-06-27 01:20:37:   --> GET /api/v1/novel/novelSearch?xsname=%E6%97%A0%E4%BA%BA%E7%94%9F%E8%BF%98 200 729ms 849b
2020-06-27 01:34:40:   <-- GET /api/v1/novel/novelSearch?xsname=%E6%97%A0%E4%BA%BA%E7%94%9F%E8%BF%98
2020-06-27 01:34:41:   <-- GET /api/v1/novel/novelSearch?xsname=%E6%97%A0%E4%BA%BA%E7%94%9F%E8%BF%98
2020-06-27 01:34:41: GET /api/v1/novel/novelSearch?xsname=%E6%97%A0%E4%BA%BA%E7%94%9F%E8%BF%98 - 1170ms
2020-06-27 01:34:43: GET /api/v1/novel/novelSearch?xsname=%E6%97%A0%E4%BA%BA%E7%94%9F%E8%BF%98 - 1913ms
2020-06-27 02:46:30:   <-- GET /api/v1/novel/novelSearch?xsname=%E6%97%A0%E4%BA%BA%E7%94%9F%E8%BF%98
2020-06-27 02:46:31: GET /api/v1/novel/novelSearch?xsname=%E6%97%A0%E4%BA%BA%E7%94%9F%E8%BF%98 - 1055ms
2020-06-27 02:46:31:   --> GET /api/v1/novel/novelSearch?xsname=%E6%97%A0%E4%BA%BA%E7%94%9F%E8%BF%98 200 1,058ms 849b
2020-06-27 03:14:28:   <-- GET /api/v1/novel/novelSearch?xsname=%E6%97%A0%E4%BA%BA%E7%94%9F%E8%BF%98
2020-06-27 03:14:29: GET /api/v1/novel/novelSearch?xsname=%E6%97%A0%E4%BA%BA%E7%94%9F%E8%BF%98 - 942ms
2020-06-27 03:14:29:   --> GET /api/v1/novel/novelSearch?xsname=%E6%97%A0%E4%BA%BA%E7%94%9F%E8%BF%98 200 944ms 849b
2020-06-27 03:14:37:   <-- GET /api/v1/novel/novelSearch?xsname=%E6%97%A0%E4%BA%BA%E7%94%9F%E8%BF%98
2020-06-27 03:14:38: GET /api/v1/novel/novelSearch?xsname=%E6%97%A0%E4%BA%BA%E7%94%9F%E8%BF%98 - 931ms
2020-06-27 03:14:38:   --> GET /api/v1/novel/novelSearch?xsname=%E6%97%A0%E4%BA%BA%E7%94%9F%E8%BF%98 200 934ms 849b
2020-06-27 03:15:05:   <-- GET /api/v1/novel/novelSearch?xsname=%E6%97%A0%E4%BA%BA%E7%94%9F%E8%BF%98
2020-06-27 03:15:06: GET /api/v1/novel/novelSearch?xsname=%E6%97%A0%E4%BA%BA%E7%94%9F%E8%BF%98 - 758ms
2020-06-27 03:15:06:   --> GET /api/v1/novel/novelSearch?xsname=%E6%97%A0%E4%BA%BA%E7%94%9F%E8%BF%98 200 759ms 849b
2020-06-27 03:18:05:   <-- GET /api/v1/novel/novelSearch?xsname=%E6%97%A0%E4%BA%BA%E7%94%9F%E8%BF%98
2020-06-27 03:18:06: GET /api/v1/novel/novelSearch?xsname=%E6%97%A0%E4%BA%BA%E7%94%9F%E8%BF%98 - 1715ms
2020-06-27 03:18:06:   --> GET /api/v1/novel/novelSearch?xsname=%E6%97%A0%E4%BA%BA%E7%94%9F%E8%BF%98 200 1,718ms 849b
2020-06-27 03:18:46:   <-- GET /api/v1/novel/novelSearch?xsname=%E6%97%A0%E4%BA%BA%E7%94%9F%E8%BF%98
2020-06-27 03:18:47: GET /api/v1/novel/novelSearch?xsname=%E6%97%A0%E4%BA%BA%E7%94%9F%E8%BF%98 - 671ms
2020-06-27 03:18:47:   --> GET /api/v1/novel/novelSearch?xsname=%E6%97%A0%E4%BA%BA%E7%94%9F%E8%BF%98 200 673ms 849b
2020-06-27 03:23:16:   <-- GET /api/v1/novel/novelSearch?xsname=%E6%97%A0%E4%BA%BA%E7%94%9F%E8%BF%98
2020-06-27 03:23:16: GET /api/v1/novel/novelSearch?xsname=%E6%97%A0%E4%BA%BA%E7%94%9F%E8%BF%98 - 743ms
2020-06-27 03:23:16:   --> GET /api/v1/novel/novelSearch?xsname=%E6%97%A0%E4%BA%BA%E7%94%9F%E8%BF%98 200 747ms 849b
2020-06-27 03:24:00:   <-- GET /api/v1/novel/novelSearch?xsname=%E6%97%A0%E4%BA%BA%E7%94%9F%E8%BF%98
2020-06-27 03:24:01: GET /api/v1/novel/novelSearch?xsname=%E6%97%A0%E4%BA%BA%E7%94%9F%E8%BF%98 - 743ms
2020-06-27 03:24:01:   --> GET /api/v1/novel/novelSearch?xsname=%E6%97%A0%E4%BA%BA%E7%94%9F%E8%BF%98 200 745ms 849b
2020-06-27 03:25:12:   <-- GET /api/v1/novel/novelSearch?xsname=%E6%97%A0%E4%BA%BA%E7%94%9F%E8%BF%98
2020-06-27 03:25:13: GET /api/v1/novel/novelSearch?xsname=%E6%97%A0%E4%BA%BA%E7%94%9F%E8%BF%98 - 914ms
2020-06-27 03:25:13:   --> GET /api/v1/novel/novelSearch?xsname=%E6%97%A0%E4%BA%BA%E7%94%9F%E8%BF%98 200 917ms 849b
2020-06-27 03:29:29:   <-- GET /api/v1/novel/novelSearch?xsname=%E6%98%8E%E7%99%BD
2020-06-27 03:29:34: GET /api/v1/novel/novelSearch?xsname=%E6%98%8E%E7%99%BD - 5095ms
2020-06-27 03:29:34:   --> GET /api/v1/novel/novelSearch?xsname=%E6%98%8E%E7%99%BD 200 5,099ms 15.14kb
2020-06-27 03:39:54:   <-- GET /api/v1/novel/novelSearch?xsname=%E6%97%A0%E4%BA%BA%E7%94%9F%E8%BF%98
2020-06-27 03:39:55: GET /api/v1/novel/novelSearch?xsname=%E6%97%A0%E4%BA%BA%E7%94%9F%E8%BF%98 - 1369ms
2020-06-27 03:39:55:   --> GET /api/v1/novel/novelSearch?xsname=%E6%97%A0%E4%BA%BA%E7%94%9F%E8%BF%98 200 1,371ms 849b
2020-06-27 03:40:48:   <-- GET /api/v1/novel/novelSearch?xsname=%E6%97%A0%E4%BA%BA%E7%94%9F%E8%BF%98
2020-06-27 03:40:49: GET /api/v1/novel/novelSearch?xsname=%E6%97%A0%E4%BA%BA%E7%94%9F%E8%BF%98 - 804ms
2020-06-27 03:40:49:   --> GET /api/v1/novel/novelSearch?xsname=%E6%97%A0%E4%BA%BA%E7%94%9F%E8%BF%98 200 805ms 849b
2020-06-27 03:44:04:   <-- GET /api/v1/novel/novelSearch?xsname=%E6%97%A0%E4%BA%BA%E7%94%9F%E8%BF%98
2020-06-27 03:44:05: GET /api/v1/novel/novelSearch?xsname=%E6%97%A0%E4%BA%BA%E7%94%9F%E8%BF%98 - 809ms
2020-06-27 03:44:05:   --> GET /api/v1/novel/novelSearch?xsname=%E6%97%A0%E4%BA%BA%E7%94%9F%E8%BF%98 200 812ms 849b
2020-06-27 03:54:36:   <-- GET /api/v1/novel/novelSearch?xsname=%E6%97%A0%E4%BA%BA%E7%94%9F%E8%BF%98
2020-06-27 03:54:37: GET /api/v1/novel/novelSearch?xsname=%E6%97%A0%E4%BA%BA%E7%94%9F%E8%BF%98 - 973ms
2020-06-27 03:54:37:   --> GET /api/v1/novel/novelSearch?xsname=%E6%97%A0%E4%BA%BA%E7%94%9F%E8%BF%98 200 976ms 849b
2020-06-27 03:58:02:   <-- GET /api/v1/novel/novelDetail?xsurl1=pbdhttp%3A%2F%2Fwww.qiqint.la%2Fbook%2F39762.html
2020-06-27 03:58:02: GET /api/v1/novel/novelDetail?xsurl1=pbdhttp%3A%2F%2Fwww.qiqint.la%2Fbook%2F39762.html - 4ms
2020-06-27 03:58:02:   --> GET /api/v1/novel/novelDetail?xsurl1=pbdhttp%3A%2F%2Fwww.qiqint.la%2Fbook%2F39762.html 200 10ms 34b
2020-06-27 04:01:17:   <-- GET /api/v1/novel/novelDetail?xsurl1=pbdhttp%3A%2F%2Fwww.qiqint.la%2Fbook%2F39762.html
2020-06-27 04:01:17: GET /api/v1/novel/novelDetail?xsurl1=pbdhttp%3A%2F%2Fwww.qiqint.la%2Fbook%2F39762.html - 1ms
2020-06-27 04:01:17:   --> GET /api/v1/novel/novelDetail?xsurl1=pbdhttp%3A%2F%2Fwww.qiqint.la%2Fbook%2F39762.html 200 2ms 34b
2020-06-27 04:23:17: Executing (default): CREATE TABLE IF NOT EXISTS `user` (`id` INTEGER auto_increment , `name` VARCHAR(255) NOT NULL, `email` VARCHAR(255), `password` VARCHAR(255) NOT NULL, `createdAt` DATETIME, `updatedAt` DATETIME, PRIMARY KEY (`id`)) ENGINE=InnoDB;
2020-06-27 04:23:17: Executing (default): CREATE TABLE IF NOT EXISTS `article` (`id` INTEGER auto_increment , `title` VARCHAR(255) NOT NULL, `author` VARCHAR(255) NOT NULL, `content` TEXT NOT NULL, `category` VARCHAR(255) NOT NULL, `createdAt` DATETIME, `updatedAt` DATETIME, PRIMARY KEY (`id`)) ENGINE=InnoDB;
2020-06-27 04:23:17: Executing (default): SHOW INDEX FROM `user`
2020-06-27 04:23:17: Executing (default): SHOW INDEX FROM `article`
2020-06-27 04:23:24: Executing (default): CREATE TABLE IF NOT EXISTS `user` (`id` INTEGER auto_increment , `name` VARCHAR(255) NOT NULL, `email` VARCHAR(255), `password` VARCHAR(255) NOT NULL, `createdAt` DATETIME, `updatedAt` DATETIME, PRIMARY KEY (`id`)) ENGINE=InnoDB;
2020-06-27 04:23:24: Executing (default): CREATE TABLE IF NOT EXISTS `article` (`id` INTEGER auto_increment , `title` VARCHAR(255) NOT NULL, `author` VARCHAR(255) NOT NULL, `content` TEXT NOT NULL, `category` VARCHAR(255) NOT NULL, `createdAt` DATETIME, `updatedAt` DATETIME, PRIMARY KEY (`id`)) ENGINE=InnoDB;
2020-06-27 04:23:24: Executing (default): SHOW INDEX FROM `user`
2020-06-27 04:23:24: Executing (default): SHOW INDEX FROM `article`
2020-06-27 04:23:33: Executing (default): CREATE TABLE IF NOT EXISTS `user` (`id` INTEGER auto_increment , `name` VARCHAR(255) NOT NULL, `email` VARCHAR(255), `password` VARCHAR(255) NOT NULL, `createdAt` DATETIME, `updatedAt` DATETIME, PRIMARY KEY (`id`)) ENGINE=InnoDB;
2020-06-27 04:23:33: Executing (default): CREATE TABLE IF NOT EXISTS `article` (`id` INTEGER auto_increment , `title` VARCHAR(255) NOT NULL, `author` VARCHAR(255) NOT NULL, `content` TEXT NOT NULL, `category` VARCHAR(255) NOT NULL, `createdAt` DATETIME, `updatedAt` DATETIME, PRIMARY KEY (`id`)) ENGINE=InnoDB;
2020-06-27 04:23:33: Executing (default): SHOW INDEX FROM `user`
2020-06-27 04:23:33: Executing (default): SHOW INDEX FROM `article`
2020-06-27 04:24:45: Executing (default): CREATE TABLE IF NOT EXISTS `user` (`id` INTEGER auto_increment , `name` VARCHAR(255) NOT NULL, `email` VARCHAR(255), `password` VARCHAR(255) NOT NULL, `createdAt` DATETIME, `updatedAt` DATETIME, PRIMARY KEY (`id`)) ENGINE=InnoDB;
2020-06-27 04:24:45: Executing (default): CREATE TABLE IF NOT EXISTS `article` (`id` INTEGER auto_increment , `title` VARCHAR(255) NOT NULL, `author` VARCHAR(255) NOT NULL, `content` TEXT NOT NULL, `category` VARCHAR(255) NOT NULL, `createdAt` DATETIME, `updatedAt` DATETIME, PRIMARY KEY (`id`)) ENGINE=InnoDB;
2020-06-27 04:24:45: Executing (default): SHOW INDEX FROM `user`
2020-06-27 04:24:45: Executing (default): SHOW INDEX FROM `article`
2020-06-27 04:24:51: Executing (default): CREATE TABLE IF NOT EXISTS `user` (`id` INTEGER auto_increment , `name` VARCHAR(255) NOT NULL, `email` VARCHAR(255), `password` VARCHAR(255) NOT NULL, `createdAt` DATETIME, `updatedAt` DATETIME, PRIMARY KEY (`id`)) ENGINE=InnoDB;
2020-06-27 04:24:51: Executing (default): CREATE TABLE IF NOT EXISTS `article` (`id` INTEGER auto_increment , `title` VARCHAR(255) NOT NULL, `author` VARCHAR(255) NOT NULL, `content` TEXT NOT NULL, `category` VARCHAR(255) NOT NULL, `createdAt` DATETIME, `updatedAt` DATETIME, PRIMARY KEY (`id`)) ENGINE=InnoDB;
2020-06-27 04:24:51: Executing (default): SHOW INDEX FROM `user`
2020-06-27 04:24:51: Executing (default): SHOW INDEX FROM `article`
2020-06-27 04:25:00: Executing (default): CREATE TABLE IF NOT EXISTS `user` (`id` INTEGER auto_increment , `name` VARCHAR(255) NOT NULL, `email` VARCHAR(255), `password` VARCHAR(255) NOT NULL, `createdAt` DATETIME, `updatedAt` DATETIME, PRIMARY KEY (`id`)) ENGINE=InnoDB;
2020-06-27 04:25:00: Executing (default): CREATE TABLE IF NOT EXISTS `article` (`id` INTEGER auto_increment , `title` VARCHAR(255) NOT NULL, `author` VARCHAR(255) NOT NULL, `content` TEXT NOT NULL, `category` VARCHAR(255) NOT NULL, `createdAt` DATETIME, `updatedAt` DATETIME, PRIMARY KEY (`id`)) ENGINE=InnoDB;
2020-06-27 04:25:00: Executing (default): SHOW INDEX FROM `user`
2020-06-27 04:25:00: Executing (default): SHOW INDEX FROM `article`
2020-06-27 04:25:07: Executing (default): CREATE TABLE IF NOT EXISTS `user` (`id` INTEGER auto_increment , `name` VARCHAR(255) NOT NULL, `email` VARCHAR(255), `password` VARCHAR(255) NOT NULL, `createdAt` DATETIME, `updatedAt` DATETIME, PRIMARY KEY (`id`)) ENGINE=InnoDB;
2020-06-27 04:25:07: Executing (default): CREATE TABLE IF NOT EXISTS `article` (`id` INTEGER auto_increment , `title` VARCHAR(255) NOT NULL, `author` VARCHAR(255) NOT NULL, `content` TEXT NOT NULL, `category` VARCHAR(255) NOT NULL, `createdAt` DATETIME, `updatedAt` DATETIME, PRIMARY KEY (`id`)) ENGINE=InnoDB;
2020-06-27 04:25:07: Executing (default): SHOW INDEX FROM `user`
2020-06-27 04:25:07: Executing (default): SHOW INDEX FROM `article`
2020-06-27 04:25:23: Executing (default): CREATE TABLE IF NOT EXISTS `user` (`id` INTEGER auto_increment , `name` VARCHAR(255) NOT NULL, `email` VARCHAR(255), `password` VARCHAR(255) NOT NULL, `createdAt` DATETIME, `updatedAt` DATETIME, PRIMARY KEY (`id`)) ENGINE=InnoDB;
2020-06-27 04:25:23: Executing (default): CREATE TABLE IF NOT EXISTS `article` (`id` INTEGER auto_increment , `title` VARCHAR(255) NOT NULL, `author` VARCHAR(255) NOT NULL, `content` TEXT NOT NULL, `category` VARCHAR(255) NOT NULL, `createdAt` DATETIME, `updatedAt` DATETIME, PRIMARY KEY (`id`)) ENGINE=InnoDB;
2020-06-27 04:25:23: Executing (default): SHOW INDEX FROM `user`
2020-06-27 04:25:23: Executing (default): SHOW INDEX FROM `article`
2020-06-27 04:25:37: Executing (default): CREATE TABLE IF NOT EXISTS `user` (`id` INTEGER auto_increment , `name` VARCHAR(255) NOT NULL, `email` VARCHAR(255), `password` VARCHAR(255) NOT NULL, `createdAt` DATETIME, `updatedAt` DATETIME, PRIMARY KEY (`id`)) ENGINE=InnoDB;
2020-06-27 04:25:37: Executing (default): CREATE TABLE IF NOT EXISTS `article` (`id` INTEGER auto_increment , `title` VARCHAR(255) NOT NULL, `author` VARCHAR(255) NOT NULL, `content` TEXT NOT NULL, `category` VARCHAR(255) NOT NULL, `createdAt` DATETIME, `updatedAt` DATETIME, PRIMARY KEY (`id`)) ENGINE=InnoDB;
2020-06-27 04:25:37: Executing (default): SHOW INDEX FROM `user`
2020-06-27 04:25:37: Executing (default): SHOW INDEX FROM `article`
2020-06-27 04:25:47: Executing (default): CREATE TABLE IF NOT EXISTS `user` (`id` INTEGER auto_increment , `name` VARCHAR(255) NOT NULL, `email` VARCHAR(255), `password` VARCHAR(255) NOT NULL, `createdAt` DATETIME, `updatedAt` DATETIME, PRIMARY KEY (`id`)) ENGINE=InnoDB;
2020-06-27 04:25:47: Executing (default): CREATE TABLE IF NOT EXISTS `article` (`id` INTEGER auto_increment , `title` VARCHAR(255) NOT NULL, `author` VARCHAR(255) NOT NULL, `content` TEXT NOT NULL, `category` VARCHAR(255) NOT NULL, `createdAt` DATETIME, `updatedAt` DATETIME, PRIMARY KEY (`id`)) ENGINE=InnoDB;
2020-06-27 04:25:47: Executing (default): SHOW INDEX FROM `user`
2020-06-27 04:25:47: Executing (default): SHOW INDEX FROM `article`
2020-06-27 04:26:00: Executing (default): CREATE TABLE IF NOT EXISTS `user` (`id` INTEGER auto_increment , `name` VARCHAR(255) NOT NULL, `email` VARCHAR(255), `password` VARCHAR(255) NOT NULL, `createdAt` DATETIME, `updatedAt` DATETIME, PRIMARY KEY (`id`)) ENGINE=InnoDB;
2020-06-27 04:26:00: Executing (default): CREATE TABLE IF NOT EXISTS `article` (`id` INTEGER auto_increment , `title` VARCHAR(255) NOT NULL, `author` VARCHAR(255) NOT NULL, `content` TEXT NOT NULL, `category` VARCHAR(255) NOT NULL, `createdAt` DATETIME, `updatedAt` DATETIME, PRIMARY KEY (`id`)) ENGINE=InnoDB;
2020-06-27 04:26:00: Executing (default): SHOW INDEX FROM `user`
2020-06-27 04:26:00: Executing (default): SHOW INDEX FROM `article`
2020-06-27 04:27:00: Executing (default): CREATE TABLE IF NOT EXISTS `user` (`id` INTEGER auto_increment , `name` VARCHAR(255) NOT NULL, `email` VARCHAR(255), `password` VARCHAR(255) NOT NULL, `createdAt` DATETIME, `updatedAt` DATETIME, PRIMARY KEY (`id`)) ENGINE=InnoDB;
2020-06-27 04:27:00: Executing (default): CREATE TABLE IF NOT EXISTS `article` (`id` INTEGER auto_increment , `title` VARCHAR(255) NOT NULL, `author` VARCHAR(255) NOT NULL, `content` TEXT NOT NULL, `category` VARCHAR(255) NOT NULL, `createdAt` DATETIME, `updatedAt` DATETIME, PRIMARY KEY (`id`)) ENGINE=InnoDB;
2020-06-27 04:27:00: Executing (default): SHOW INDEX FROM `user`
2020-06-27 04:27:00: Executing (default): SHOW INDEX FROM `article`
2020-06-27 04:27:15: Executing (default): CREATE TABLE IF NOT EXISTS `user` (`id` INTEGER auto_increment , `name` VARCHAR(255) NOT NULL, `email` VARCHAR(255), `password` VARCHAR(255) NOT NULL, `createdAt` DATETIME, `updatedAt` DATETIME, PRIMARY KEY (`id`)) ENGINE=InnoDB;
2020-06-27 04:27:15: Executing (default): CREATE TABLE IF NOT EXISTS `article` (`id` INTEGER auto_increment , `title` VARCHAR(255) NOT NULL, `author` VARCHAR(255) NOT NULL, `content` TEXT NOT NULL, `category` VARCHAR(255) NOT NULL, `createdAt` DATETIME, `updatedAt` DATETIME, PRIMARY KEY (`id`)) ENGINE=InnoDB;
2020-06-27 04:27:15: Executing (default): SHOW INDEX FROM `user`
2020-06-27 04:27:15: Executing (default): SHOW INDEX FROM `article`
